{"numTotalTestSuites":74,"numPassedTestSuites":8,"numFailedTestSuites":66,"numPendingTestSuites":0,"numTotalTests":182,"numPassedTests":43,"numFailedTests":139,"numPendingTests":0,"numTodoTests":0,"snapshot":{"added":0,"failure":false,"filesAdded":0,"filesRemoved":0,"filesRemovedList":[],"filesUnmatched":0,"filesUpdated":0,"matched":0,"total":0,"unchecked":0,"uncheckedKeysByFile":[],"unmatched":0,"updated":0,"didUpdate":false},"startTime":1735299540669,"success":false,"testResults":[{"assertionResults":[{"ancestorTitles":["config"],"fullName":"config should have a valid API_BASE_URL","status":"passed","title":"should have a valid API_BASE_URL","duration":0.466542000000004,"failureMessages":[],"meta":{}}],"startTime":1735299547813,"endTime":1735299547813.4666,"status":"passed","message":"","name":"/Users/chrisskerritt/Dropbox/My Mac (chriss-MacBook-Pro.local)/Desktop/Econ Software/frontend/src/config.test.ts"},{"assertionResults":[{"ancestorTitles":["AEF Calculator"],"fullName":"AEF Calculator renders with default values","status":"passed","title":"renders with default values","duration":58.29775000000001,"failureMessages":[],"meta":{}},{"ancestorTitles":["AEF Calculator"],"fullName":"AEF Calculator handles input validation","status":"failed","title":"handles input validation","duration":65.53075000000001,"failureMessages":["AssertionError: expected [ <p role=\"alert\" …(2)></p> ] to have a length of 2 but got 1\n    at Proxy.<anonymous> (file:///Users/chrisskerritt/Dropbox/My%20Mac%20(chriss-MacBook-Pro.local)/Desktop/Econ%20Software/frontend/node_modules/@vitest/expect/dist/index.js:1339:22)\n    at Proxy.<anonymous> (file:///Users/chrisskerritt/Dropbox/My%20Mac%20(chriss-MacBook-Pro.local)/Desktop/Econ%20Software/frontend/node_modules/@vitest/expect/dist/index.js:972:17)\n    at Proxy.methodWrapper (file:///Users/chrisskerritt/Dropbox/My%20Mac%20(chriss-MacBook-Pro.local)/Desktop/Econ%20Software/frontend/node_modules/chai/chai.js:1610:25)\n    at /Users/chrisskerritt/Dropbox/My Mac (chriss-MacBook-Pro.local)/Desktop/Econ Software/frontend/tests/AEFCalculator.test.tsx:44:20\n    at file:///Users/chrisskerritt/Dropbox/My%20Mac%20(chriss-MacBook-Pro.local)/Desktop/Econ%20Software/frontend/node_modules/@vitest/runner/dist/index.js:533:5\n    at runTest (file:///Users/chrisskerritt/Dropbox/My%20Mac%20(chriss-MacBook-Pro.local)/Desktop/Econ%20Software/frontend/node_modules/@vitest/runner/dist/index.js:1056:11)\n    at runSuite (file:///Users/chrisskerritt/Dropbox/My%20Mac%20(chriss-MacBook-Pro.local)/Desktop/Econ%20Software/frontend/node_modules/@vitest/runner/dist/index.js:1205:15)\n    at runSuite (file:///Users/chrisskerritt/Dropbox/My%20Mac%20(chriss-MacBook-Pro.local)/Desktop/Econ%20Software/frontend/node_modules/@vitest/runner/dist/index.js:1205:15)\n    at runFiles (file:///Users/chrisskerritt/Dropbox/My%20Mac%20(chriss-MacBook-Pro.local)/Desktop/Econ%20Software/frontend/node_modules/@vitest/runner/dist/index.js:1262:5)\n    at startTests (file:///Users/chrisskerritt/Dropbox/My%20Mac%20(chriss-MacBook-Pro.local)/Desktop/Econ%20Software/frontend/node_modules/@vitest/runner/dist/index.js:1271:3)"],"meta":{}},{"ancestorTitles":["AEF Calculator"],"fullName":"AEF Calculator toggles personal consumption input","status":"failed","title":"toggles personal consumption input","duration":22.79083300000002,"failureMessages":["Error: expect(element).toBeVisible()\n\nReceived element is not visible (element is not in the document):\n  <input\n  aria-invalid=\"false\"\n  class=\"w-full p-2 border rounded\"\n  id=\"personalConsumption\"\n  name=\"personalConsumption\"\n  required=\"\"\n  step=\"0.1\"\n  type=\"number\"\n  value=\"30\"\n/>\n    at Proxy.expectWrapper (file:///Users/chrisskerritt/Dropbox/My%20Mac%20(chriss-MacBook-Pro.local)/Desktop/Econ%20Software/frontend/node_modules/@vitest/expect/dist/index.js:1996:19)\n    at Proxy.<anonymous> (file:///Users/chrisskerritt/Dropbox/My%20Mac%20(chriss-MacBook-Pro.local)/Desktop/Econ%20Software/frontend/node_modules/@vitest/expect/dist/index.js:972:17)\n    at Proxy.methodWrapper (file:///Users/chrisskerritt/Dropbox/My%20Mac%20(chriss-MacBook-Pro.local)/Desktop/Econ%20Software/frontend/node_modules/chai/chai.js:1610:25)\n    at /Users/chrisskerritt/Dropbox/My Mac (chriss-MacBook-Pro.local)/Desktop/Econ Software/frontend/tests/AEFCalculator.test.tsx:67:19\n    at file:///Users/chrisskerritt/Dropbox/My%20Mac%20(chriss-MacBook-Pro.local)/Desktop/Econ%20Software/frontend/node_modules/@vitest/runner/dist/index.js:533:5\n    at runTest (file:///Users/chrisskerritt/Dropbox/My%20Mac%20(chriss-MacBook-Pro.local)/Desktop/Econ%20Software/frontend/node_modules/@vitest/runner/dist/index.js:1056:11)\n    at runSuite (file:///Users/chrisskerritt/Dropbox/My%20Mac%20(chriss-MacBook-Pro.local)/Desktop/Econ%20Software/frontend/node_modules/@vitest/runner/dist/index.js:1205:15)\n    at runSuite (file:///Users/chrisskerritt/Dropbox/My%20Mac%20(chriss-MacBook-Pro.local)/Desktop/Econ%20Software/frontend/node_modules/@vitest/runner/dist/index.js:1205:15)\n    at runFiles (file:///Users/chrisskerritt/Dropbox/My%20Mac%20(chriss-MacBook-Pro.local)/Desktop/Econ%20Software/frontend/node_modules/@vitest/runner/dist/index.js:1262:5)\n    at startTests (file:///Users/chrisskerritt/Dropbox/My%20Mac%20(chriss-MacBook-Pro.local)/Desktop/Econ%20Software/frontend/node_modules/@vitest/runner/dist/index.js:1271:3)"],"meta":{}},{"ancestorTitles":["AEF Calculator"],"fullName":"AEF Calculator calculates with custom values","status":"passed","title":"calculates with custom values","duration":98.6221250000001,"failureMessages":[],"meta":{}},{"ancestorTitles":["AEF Calculator"],"fullName":"AEF Calculator handles decimal inputs correctly","status":"passed","title":"handles decimal inputs correctly","duration":28.010625000000005,"failureMessages":[],"meta":{}},{"ancestorTitles":["AEF Calculator"],"fullName":"AEF Calculator maintains input state between calculations","status":"passed","title":"maintains input state between calculations","duration":23.38695800000005,"failureMessages":[],"meta":{}}],"startTime":1735299542069,"endTime":1735299542365.387,"status":"failed","message":"","name":"/Users/chrisskerritt/Dropbox/My Mac (chriss-MacBook-Pro.local)/Desktop/Econ Software/frontend/tests/AEFCalculator.test.tsx"},{"assertionResults":[{"ancestorTitles":["Layout and Navigation"],"fullName":"Layout and Navigation renders header with correct elements","status":"passed","title":"renders header with correct elements","duration":46.205791999999974,"failureMessages":[],"meta":{}},{"ancestorTitles":["Layout and Navigation"],"fullName":"Layout and Navigation renders layout with child content","status":"passed","title":"renders layout with child content","duration":5.65462500000001,"failureMessages":[],"meta":{}},{"ancestorTitles":["Layout and Navigation"],"fullName":"Layout and Navigation maintains header visibility with scrolling content","status":"passed","title":"maintains header visibility with scrolling content","duration":5.866540999999984,"failureMessages":[],"meta":{}},{"ancestorTitles":["Layout and Navigation"],"fullName":"Layout and Navigation applies correct styles to layout elements","status":"passed","title":"applies correct styles to layout elements","duration":4.34983299999999,"failureMessages":[],"meta":{}},{"ancestorTitles":["Layout and Navigation"],"fullName":"Layout and Navigation handles navigation clicks","status":"passed","title":"handles navigation clicks","duration":47.790707999999995,"failureMessages":[],"meta":{}},{"ancestorTitles":["Layout and Navigation"],"fullName":"Layout and Navigation renders header with correct styling","status":"passed","title":"renders header with correct styling","duration":7.074500000000057,"failureMessages":[],"meta":{}},{"ancestorTitles":["Layout and Navigation"],"fullName":"Layout and Navigation renders navigation buttons with correct styling","status":"passed","title":"renders navigation buttons with correct styling","duration":5.88737500000002,"failureMessages":[],"meta":{}},{"ancestorTitles":["Layout and Navigation"],"fullName":"Layout and Navigation maintains layout structure with different content sizes","status":"passed","title":"maintains layout structure with different content sizes","duration":9.82083399999999,"failureMessages":[],"meta":{}}],"startTime":1735299545968,"endTime":1735299546100.8208,"status":"passed","message":"","name":"/Users/chrisskerritt/Dropbox/My Mac (chriss-MacBook-Pro.local)/Desktop/Econ Software/frontend/tests/Layout.test.tsx"},{"assertionResults":[{"ancestorTitles":["NewAnalysis Page"],"fullName":"NewAnalysis Page renders loading state initially","status":"passed","title":"renders loading state initially","duration":96.468167,"failureMessages":[],"meta":{}},{"ancestorTitles":["NewAnalysis Page"],"fullName":"NewAnalysis Page loads and displays evaluee options","status":"passed","title":"loads and displays evaluee options","duration":82.71199999999999,"failureMessages":[],"meta":{}},{"ancestorTitles":["NewAnalysis Page"],"fullName":"NewAnalysis Page validates required fields","status":"failed","title":"validates required fields","duration":1073.6673750000002,"failureMessages":["Error: expect(element).toHaveAttribute(\"aria-invalid\", \"true\") // element.getAttribute(\"aria-invalid\") === \"true\"\n\nExpected the element to have attribute:\n  aria-invalid=\"true\"\nReceived:\n  null\n\nIgnored nodes: comments, script, style\n\u001b[36m<html>\u001b[39m\n  \u001b[36m<head />\u001b[39m\n  \u001b[36m<body\u001b[39m\n    \u001b[33mstyle\u001b[39m=\u001b[32m\"\"\u001b[39m\n  \u001b[36m>\u001b[39m\n    \u001b[36m<div>\u001b[39m\n      \u001b[36m<div\u001b[39m\n        \u001b[33mclass\u001b[39m=\u001b[32m\"MuiContainer-root MuiContainer-maxWidthMd css-xdmu94-MuiContainer-root\"\u001b[39m\n      \u001b[36m>\u001b[39m\n        \u001b[36m<div\u001b[39m\n          \u001b[33mclass\u001b[39m=\u001b[32m\"MuiBox-root css-h5fkc8\"\u001b[39m\n        \u001b[36m>\u001b[39m\n          \u001b[36m<h4\u001b[39m\n            \u001b[33mclass\u001b[39m=\u001b[32m\"MuiTypography-root MuiTypography-h4 MuiTypography-gutterBottom css-1vw6mcs-MuiTypography-root\"\u001b[39m\n          \u001b[36m>\u001b[39m\n            \u001b[0mNew Analysis\u001b[0m\n          \u001b[36m</h4>\u001b[39m\n          \u001b[36m<div\u001b[39m\n            \u001b[33mclass\u001b[39m=\u001b[32m\"MuiPaper-root MuiPaper-elevation MuiPaper-rounded MuiPaper-elevation1 css-1ps6pg7-MuiPaper-root\"\u001b[39m\n          \u001b[36m>\u001b[39m\n            \u001b[36m<div\u001b[39m\n              \u001b[33mclass\u001b[39m=\u001b[32m\"MuiBox-root css-19kzrtu\"\u001b[39m\n            \u001b[36m>\u001b[39m\n              \u001b[36m<form>\u001b[39m\n                \u001b[36m<div\u001b[39m\n                  \u001b[33mclass\u001b[39m=\u001b[32m\"MuiGrid-root MuiGrid-container MuiGrid-spacing-xs-3 css-zow5z4-MuiGrid-root\"\u001b[39m\n                \u001b[36m>\u001b[39m\n                  \u001b[36m<div\u001b[39m\n                    \u001b[33mclass\u001b[39m=\u001b[32m\"MuiGrid-root MuiGrid-item MuiGrid-grid-xs-12 css-1idn90j-MuiGrid-root\"\u001b[39m\n                  \u001b[36m>\u001b[39m\n                    \u001b[36m<div\u001b[39m\n                      \u001b[33maria-invalid\u001b[39m=\u001b[32m\"false\"\u001b[39m\n                      \u001b[33mclass\u001b[39m=\u001b[32m\"MuiFormControl-root MuiFormControl-fullWidth MuiTextField-root css-wb57ya-MuiFormControl-root-MuiTextField-root\"\u001b[39m\n                      \u001b[33mdata-testid\u001b[39m=\u001b[32m\"evaluee-select\"\u001b[39m\n                    \u001b[36m>\u001b[39m\n                      \u001b[36m<label\u001b[39m\n                        \u001b[33mclass\u001b[39m=\u001b[32m\"MuiFormLabel-root MuiInputLabel-root MuiInputLabel-formControl MuiInputLabel-animated MuiInputLabel-sizeMedium MuiInputLabel-outlined MuiFormLabel-colorPrimary Mui-required MuiInputLabel-root MuiInputLabel-formControl MuiInputLabel-animated MuiInputLabel-sizeMedium MuiInputLabel-outlined css-14s5rfu-MuiFormLabel-root-MuiInputLabel-root\"\u001b[39m\n                        \u001b[33mdata-shrink\u001b[39m=\u001b[32m\"false\"\u001b[39m\n                        \u001b[33mfor\u001b[39m=\u001b[32m\":ru:\"\u001b[39m\n                        \u001b[33mid\u001b[39m=\u001b[32m\":ru:-label\"\u001b[39m\n                      \u001b[36m>\u001b[39m\n                        \u001b[0mEvaluee\u001b[0m\n                        \u001b[36m<span\u001b[39m\n                          \u001b[33maria-hidden\u001b[39m=\u001b[32m\"true\"\u001b[39m\n                          \u001b[33mclass\u001b[39m=\u001b[32m\"MuiFormLabel-asterisk MuiInputLabel-asterisk css-wgai2y-MuiFormLabel-asterisk\"\u001b[39m\n                        \u001b[36m>\u001b[39m\n                          \u001b[0m \u001b[0m\n                          \u001b[0m*\u001b[0m\n                        \u001b[36m</span>\u001b[39m\n                      \u001b[36m</label>\u001b[39m\n                      \u001b[36m<div\u001b[39m\n                        \u001b[33mclass\u001b[39m=\u001b[32m\"MuiInputBase-root MuiOutlinedInput-root MuiInputBase-colorPrimary MuiInputBase-fullWidth MuiInputBase-formControl css-md26zr-MuiInputBase-root-MuiOutlinedInput-root\"\u001b[39m\n                      \u001b[36m>\u001b[39m\n                        \u001b[36m<div\u001b[39m\n                          \u001b[33maria-controls\u001b[39m=\u001b[32m\":rv:\"\u001b[39m\n                          \u001b[33maria-expanded\u001b[39m=\u001b[32m\"false\"\u001b[39m\n                          \u001b[33maria-haspopup\u001b[39m=\u001b[32m\"listbox\"\u001b[39m\n                          \u001b[33maria-labelledby\u001b[39m=\u001b[32m\":ru:-label :ru:\"\u001b[39m\n                          \u001b[33mclass\u001b[39m=\u001b[32m\"MuiSelect-select MuiSelect-outlined MuiInputBase-input MuiOutlinedInput-input css-11u53oe-MuiSelect-select-MuiInputBase-input-MuiOutlinedInput-input\"\u001b[39m\n                          \u001b[33mid\u001b[39m=\u001b[32m\":ru:\"\u001b[39m\n                          \u001b[33mrole\u001b[39m=\u001b[32m\"combobox\"\u001b[39m\n                          \u001b[33mtabindex\u001b[39m=\u001b[32m\"0\"\u001b[39m\n                        \u001b[36m>\u001b[39m\n                          \u001b[36m<span\u001b[39m\n                            \u001b[33mclass\u001b[39m=\u001b[32m\"notranslate\"\u001b[39m\n                          \u001b[36m>\u001b[39m\n                            \u001b[0m​\u001b[0m\n                          \u001b[36m</span>\u001b[39m\n                        \u001b[36m</div>\u001b[39m\n                        \u001b[36m<input\u001b[39m\n                          \u001b[33maria-hidden\u001b[39m=\u001b[32m\"true\"\u001b[39m\n                          \u001b[33maria-invalid\u001b[39m=\u001b[32m\"false\"\u001b[39m\n                          \u001b[33mclass\u001b[39m=\u001b[32m\"MuiSelect-nativeInput css-yf8vq0-MuiSelect-nativeInput\"\u001b[39m\n                          \u001b[33mname\u001b[39m=\u001b[32m\"evaluee\"\u001b[39m\n                          \u001b[33mrequired\u001b[39m=\u001b[32m\"\"\u001b[39m\n                          \u001b[33mtabindex\u001b[39m=\u001b[32m\"-1\"\u001b[39m\n                          \u001b[33mvalue\u001b[39m=\u001b[32m\"\"\u001b[39m\n                        \u001b[36m/>\u001b[39m\n                        \u001b[36m<svg\u001b[39m\n                          \u001b[33maria-hidden\u001b[39m=\u001b[32m\"true\"\u001b[39m\n                          \u001b[33mclass\u001b[39m=\u001b[32m\"MuiSvgIcon-root MuiSvgIcon-fontSizeMedium MuiSelect-icon MuiSelect-iconOutlined css-hfutr2-MuiSvgIcon-root-MuiSelect-icon\"\u001b[39m\n                          \u001b[33mdata-testid\u001b[39m=\u001b[32m\"ArrowDropDownIcon\"\u001b[39m\n                          \u001b[33mfocusable\u001b[39m=\u001b[32m\"false\"\u001b[39m\n                          \u001b[33mviewBox\u001b[39m=\u001b[32m\"0 0 24 24\"\u001b[39m\n                        \u001b[36m>\u001b[39m\n                          \u001b[36m<path\u001b[39m\n                            \u001b[33md\u001b[39m=\u001b[32m\"M7 10l5 5 5-5z\"\u001b[39m\n                          \u001b[36m/>\u001b[39m\n                        \u001b[36m</svg>\u001b[39m\n                        \u001b[36m<fieldset\u001b[39m\n                          \u001b[33maria-hidden\u001b[39m=\u001b[32m\"true\"\u001b[39m\n                          \u001b[33mclass\u001b[39m=\u001b[32m\"MuiOutlinedInput-notchedOutline css-1d3z3hw-MuiOutlinedInput-notchedOutline\"\u001b[39m\n                        \u001b[36m>\u001b[39m\n                          \u001b[36m<legend\u001b[39m\n                            \u001b[33mclass\u001b[39m=\u001b[32m\"css-yjsfm1\"\u001b[39m\n                          \u001b[36m>\u001b[39m\n                            \u001b[36m<span>\u001b[39m\n                              \u001b[0mEvaluee\u001b[0m\n                              \u001b[0m \u001b[0m\n                              \u001b[0m*\u001b[0m\n                            \u001b[36m</span>\u001b[39m\n                          \u001b[36m</legend>\u001b[39m\n                        \u001b[36m</fieldset>\u001b[39m\n                      \u001b[36m</div>\u001b[39m\n                    \u001b[36m</div>\u001b[39m\n                  \u001b[36m</div>\u001b[39m\n                  \u001b[36m<div\u001b[39m\n                    \u001b[33mclass\u001b[39m=\u001b[32m\"MuiGrid-root MuiGrid-item MuiGrid-grid-xs-12 MuiGrid-grid-sm-6 css-1b3l6lk-MuiGrid-root\"\u001b[39m\n                  \u001b[36m>\u001b[39m\n                    \u001b[36m<input\u001b[39m\n                      \u001b[33maria-label\u001b[39m=\u001b[32m\"Date of Injury\"\u001b[39m\n                      \u001b[33mtype\u001b[39m=\u001b[32m\"date\"\u001b[39m\n                      \u001b[33mvalue\u001b[39m=\u001b[32m\"\"\u001b[39m\n                    \u001b[36m/>\u001b[39m\n                  \u001b[36m</div>\u001b[39m\n                  \u001b[36m<div\u001b[39m\n                    \u001b[33mclass\u001b[39m=\u001b[32m\"MuiGrid-root MuiGrid-item MuiGrid-grid-xs-12 MuiGrid-grid-sm-6 css-1b3l6lk-MuiGrid-root\"\u001b[39m\n                  \u001b[36m>\u001b[39m\n                    \u001b[36m<input\u001b[39m\n                      \u001b[33maria-label\u001b[39m=\u001b[32m\"Date of Report\"\u001b[39m\n                      \u001b[33mt...\n    at Proxy.expectWrapper (file:///Users/chrisskerritt/Dropbox/My%20Mac%20(chriss-MacBook-Pro.local)/Desktop/Econ%20Software/frontend/node_modules/@vitest/expect/dist/index.js:1996:19)\n    at Proxy.<anonymous> (file:///Users/chrisskerritt/Dropbox/My%20Mac%20(chriss-MacBook-Pro.local)/Desktop/Econ%20Software/frontend/node_modules/@vitest/expect/dist/index.js:972:17)\n    at Proxy.methodWrapper (file:///Users/chrisskerritt/Dropbox/My%20Mac%20(chriss-MacBook-Pro.local)/Desktop/Econ%20Software/frontend/node_modules/chai/chai.js:1610:25)\n    at /Users/chrisskerritt/Dropbox/My Mac (chriss-MacBook-Pro.local)/Desktop/Econ Software/frontend/tests/NewAnalysis.test.tsx:101:29\n    at runWithExpensiveErrorDiagnosticsDisabled (/Users/chrisskerritt/Dropbox/My Mac (chriss-MacBook-Pro.local)/Desktop/Econ Software/frontend/node_modules/@testing-library/react/node_modules/@testing-library/dom/dist/config.js:47:12)\n    at checkCallback (/Users/chrisskerritt/Dropbox/My Mac (chriss-MacBook-Pro.local)/Desktop/Econ Software/frontend/node_modules/@testing-library/react/node_modules/@testing-library/dom/dist/wait-for.js:124:77)\n    at Timeout.checkRealTimersCallback (/Users/chrisskerritt/Dropbox/My Mac (chriss-MacBook-Pro.local)/Desktop/Econ Software/frontend/node_modules/@testing-library/react/node_modules/@testing-library/dom/dist/wait-for.js:118:16)\n    at listOnTimeout (node:internal/timers:614:17)\n    at processTimers (node:internal/timers:549:7)"],"meta":{}},{"ancestorTitles":["NewAnalysis Page"],"fullName":"NewAnalysis Page handles form submission with valid data","status":"failed","title":"handles form submission with valid data","duration":1196.4454999999998,"failureMessages":["AssertionError: expected \"createAnalysis\" to be called with arguments: [ { evaluee: 1, …(17) } ]\n\nReceived: \n\n\n\nNumber of calls: 0\n\n\nIgnored nodes: comments, script, style\n\u001b[36m<html>\u001b[39m\n  \u001b[36m<head />\u001b[39m\n  \u001b[36m<body\u001b[39m\n    \u001b[33mstyle\u001b[39m=\u001b[32m\"\"\u001b[39m\n  \u001b[36m>\u001b[39m\n    \u001b[36m<div>\u001b[39m\n      \u001b[36m<div\u001b[39m\n        \u001b[33mclass\u001b[39m=\u001b[32m\"MuiContainer-root MuiContainer-maxWidthMd css-xdmu94-MuiContainer-root\"\u001b[39m\n      \u001b[36m>\u001b[39m\n        \u001b[36m<div\u001b[39m\n          \u001b[33mclass\u001b[39m=\u001b[32m\"MuiBox-root css-h5fkc8\"\u001b[39m\n        \u001b[36m>\u001b[39m\n          \u001b[36m<h4\u001b[39m\n            \u001b[33mclass\u001b[39m=\u001b[32m\"MuiTypography-root MuiTypography-h4 MuiTypography-gutterBottom css-1vw6mcs-MuiTypography-root\"\u001b[39m\n          \u001b[36m>\u001b[39m\n            \u001b[0mNew Analysis\u001b[0m\n          \u001b[36m</h4>\u001b[39m\n          \u001b[36m<div\u001b[39m\n            \u001b[33mclass\u001b[39m=\u001b[32m\"MuiPaper-root MuiPaper-elevation MuiPaper-rounded MuiPaper-elevation0 MuiAlert-root MuiAlert-colorError MuiAlert-standardError MuiAlert-standard css-1i3m5il-MuiPaper-root-MuiAlert-root\"\u001b[39m\n            \u001b[33mrole\u001b[39m=\u001b[32m\"alert\"\u001b[39m\n          \u001b[36m>\u001b[39m\n            \u001b[36m<div\u001b[39m\n              \u001b[33mclass\u001b[39m=\u001b[32m\"MuiAlert-icon css-1ytlwq5-MuiAlert-icon\"\u001b[39m\n            \u001b[36m>\u001b[39m\n              \u001b[36m<svg\u001b[39m\n                \u001b[33maria-hidden\u001b[39m=\u001b[32m\"true\"\u001b[39m\n                \u001b[33mclass\u001b[39m=\u001b[32m\"MuiSvgIcon-root MuiSvgIcon-fontSizeInherit css-1vooibu-MuiSvgIcon-root\"\u001b[39m\n                \u001b[33mdata-testid\u001b[39m=\u001b[32m\"ErrorOutlineIcon\"\u001b[39m\n                \u001b[33mfocusable\u001b[39m=\u001b[32m\"false\"\u001b[39m\n                \u001b[33mviewBox\u001b[39m=\u001b[32m\"0 0 24 24\"\u001b[39m\n              \u001b[36m>\u001b[39m\n                \u001b[36m<path\u001b[39m\n                  \u001b[33md\u001b[39m=\u001b[32m\"M11 15h2v2h-2zm0-8h2v6h-2zm.99-5C6.47 2 2 6.48 2 12s4.47 10 9.99 10C17.52 22 22 17.52 22 12S17.52 2 11.99 2zM12 20c-4.42 0-8-3.58-8-8s3.58-8 8-8 8 3.58 8 8-3.58 8-8 8z\"\u001b[39m\n                \u001b[36m/>\u001b[39m\n              \u001b[36m</svg>\u001b[39m\n            \u001b[36m</div>\u001b[39m\n            \u001b[36m<div\u001b[39m\n              \u001b[33mclass\u001b[39m=\u001b[32m\"MuiAlert-message css-1pxa9xg-MuiAlert-message\"\u001b[39m\n            \u001b[36m>\u001b[39m\n              \u001b[0mPlease correct the errors before submitting the form.\u001b[0m\n            \u001b[36m</div>\u001b[39m\n          \u001b[36m</div>\u001b[39m\n          \u001b[36m<div\u001b[39m\n            \u001b[33mclass\u001b[39m=\u001b[32m\"MuiPaper-root MuiPaper-elevation MuiPaper-rounded MuiPaper-elevation1 css-1ps6pg7-MuiPaper-root\"\u001b[39m\n          \u001b[36m>\u001b[39m\n            \u001b[36m<div\u001b[39m\n              \u001b[33mclass\u001b[39m=\u001b[32m\"MuiBox-root css-19kzrtu\"\u001b[39m\n            \u001b[36m>\u001b[39m\n              \u001b[36m<form>\u001b[39m\n                \u001b[36m<div\u001b[39m\n                  \u001b[33mclass\u001b[39m=\u001b[32m\"MuiGrid-root MuiGrid-container MuiGrid-spacing-xs-3 css-zow5z4-MuiGrid-root\"\u001b[39m\n                \u001b[36m>\u001b[39m\n                  \u001b[36m<div\u001b[39m\n                    \u001b[33mclass\u001b[39m=\u001b[32m\"MuiGrid-root MuiGrid-item MuiGrid-grid-xs-12 css-1idn90j-MuiGrid-root\"\u001b[39m\n                  \u001b[36m>\u001b[39m\n                    \u001b[36m<div\u001b[39m\n                      \u001b[33maria-invalid\u001b[39m=\u001b[32m\"false\"\u001b[39m\n                      \u001b[33mclass\u001b[39m=\u001b[32m\"MuiFormControl-root MuiFormControl-fullWidth MuiTextField-root css-wb57ya-MuiFormControl-root-MuiTextField-root\"\u001b[39m\n                      \u001b[33mdata-testid\u001b[39m=\u001b[32m\"evaluee-select\"\u001b[39m\n                    \u001b[36m>\u001b[39m\n                      \u001b[36m<label\u001b[39m\n                        \u001b[33mclass\u001b[39m=\u001b[32m\"MuiFormLabel-root MuiInputLabel-root MuiInputLabel-formControl MuiInputLabel-animated MuiInputLabel-shrink MuiInputLabel-sizeMedium MuiInputLabel-outlined MuiFormLabel-colorPrimary MuiFormLabel-filled Mui-required MuiInputLabel-root MuiInputLabel-formControl MuiInputLabel-animated MuiInputLabel-shrink MuiInputLabel-sizeMedium MuiInputLabel-outlined css-1jy569b-MuiFormLabel-root-MuiInputLabel-root\"\u001b[39m\n                        \u001b[33mdata-shrink\u001b[39m=\u001b[32m\"true\"\u001b[39m\n                        \u001b[33mfor\u001b[39m=\u001b[32m\":r1d:\"\u001b[39m\n                        \u001b[33mid\u001b[39m=\u001b[32m\":r1d:-label\"\u001b[39m\n                      \u001b[36m>\u001b[39m\n                        \u001b[0mEvaluee\u001b[0m\n                        \u001b[36m<span\u001b[39m\n                          \u001b[33maria-hidden\u001b[39m=\u001b[32m\"true\"\u001b[39m\n                          \u001b[33mclass\u001b[39m=\u001b[32m\"MuiFormLabel-asterisk MuiInputLabel-asterisk css-wgai2y-MuiFormLabel-asterisk\"\u001b[39m\n                        \u001b[36m>\u001b[39m\n                          \u001b[0m \u001b[0m\n                          \u001b[0m*\u001b[0m\n                        \u001b[36m</span>\u001b[39m\n                      \u001b[36m</label>\u001b[39m\n                      \u001b[36m<div\u001b[39m\n                        \u001b[33mclass\u001b[39m=\u001b[32m\"MuiInputBase-root MuiOutlinedInput-root MuiInputBase-colorPrimary MuiInputBase-fullWidth MuiInputBase-formControl css-md26zr-MuiInputBase-root-MuiOutlinedInput-root\"\u001b[39m\n                      \u001b[36m>\u001b[39m\n                        \u001b[36m<div\u001b[39m\n                          \u001b[33maria-controls\u001b[39m=\u001b[32m\":r1e:\"\u001b[39m\n                          \u001b[33maria-expanded\u001b[39m=\u001b[32m\"false\"\u001b[39m\n                          \u001b[33maria-haspopup\u001b[39m=\u001b[32m\"listbox\"\u001b[39m\n                          \u001b[33maria-labelledby\u001b[39m=\u001b[32m\":r1d:-label :r1d:\"\u001b[39m\n                          \u001b[33mclass\u001b[39m=\u001b[32m\"MuiSelect-select MuiSelect-outlined MuiInputBase-input MuiOutlinedInput-input css-11u53oe-MuiSelect-select-MuiInputBase-input-MuiOutlinedInput-input\"\u001b[39m\n                          \u001b[33mid\u001b[39m=\u001b[32m\":r1d:\"\u001b[39m\n                          \u001b[33mrole\u001b[39m=\u001b[32m\"combobox\"\u001b[39m\n                          \u001b[33mtabindex\u001b[39m=\u001b[32m\"0\"\u001b[39m\n                        \u001b[36m>\u001b[39m\n                          \u001b[0mJohn Doe\u001b[0m\n                        \u001b[36m</div>\u001b[39m\n                        \u001b[36m<input\u001b[39m\n                          \u001b[33maria-hidden\u001b[39m=\u001b[32m\"true\"\u001b[39m\n                          \u001b[33maria-invalid\u001b[39m=\u001b[32m\"false\"\u001b[39m\n                          \u001b[33mclass\u001b[39m=\u001b[32m\"MuiSelect-nativeInput css-yf8vq0-MuiSelect-nativeInput\"\u001b[39m\n                          \u001b[33mname\u001b[39m=\u001b[32m\"evaluee\"\u001b[39m\n                          \u001b[33mrequired\u001b[39m=\u001b[32m\"\"\u001b[39m\n                          \u001b[33mtabindex\u001b[39m=\u001b[32m\"-1\"\u001b[39m\n                          \u001b[33mvalue\u001b[39m=\u001b[32m\"1\"\u001b[39m\n                        \u001b[36m/>\u001b[39m\n                        \u001b[36m<svg\u001b[39m\n                          \u001b[33maria-hidden\u001b[39m=\u001b[32m\"true\"\u001b[39m\n                          \u001b[33mclass\u001b[39m=\u001b[32m\"MuiSvgIcon-root MuiSvgIcon-fontSizeMedium MuiSelect-icon MuiSelect-iconOutlined css-hfutr2-MuiSvgIcon-root-MuiSelect-icon\"\u001b[39m\n                          \u001b[33mdata-testid\u001b[39m=\u001b[32m\"ArrowDropDownIcon\"\u001b[39m\n                          \u001b[33mfocusable\u001b[39m=\u001b[32m\"false\"\u001b[39m\n                          \u001b[33mviewBox\u001b[39m=\u001b[32m\"0 0 24 24\"\u001b[39m\n                        \u001b[36m>\u001b[39m\n                          \u001b[36m<path\u001b[39m\n                            \u001b[33md\u001b[39m=\u001b[32m\"M7 10l5 5 5-5z\"\u001b[39m\n                          \u001b[36m/>\u001b[39m\n                        \u001b[36m</svg>\u001b[39m\n                        \u001b[36m<fieldset\u001b[39m\n                          \u001b[33maria-hidden\u001b[39m=\u001b[32m\"true\"\u001b[39m\n                          \u001b[33mclass\u001b[39m=\u001b[32m\"MuiOutlinedInput-notchedOutline css-1d3z3hw-MuiOutlinedInput-notchedOutline\"\u001b[39m\n                        \u001b[36m>\u001b[39m\n                          \u001b[36m<legend\u001b[39m\n   ...\n    at Proxy.<anonymous> (file:///Users/chrisskerritt/Dropbox/My%20Mac%20(chriss-MacBook-Pro.local)/Desktop/Econ%20Software/frontend/node_modules/@vitest/expect/dist/index.js:1465:13)\n    at Proxy.<anonymous> (file:///Users/chrisskerritt/Dropbox/My%20Mac%20(chriss-MacBook-Pro.local)/Desktop/Econ%20Software/frontend/node_modules/@vitest/expect/dist/index.js:972:17)\n    at Proxy.methodWrapper (file:///Users/chrisskerritt/Dropbox/My%20Mac%20(chriss-MacBook-Pro.local)/Desktop/Econ%20Software/frontend/node_modules/chai/chai.js:1610:25)\n    at /Users/chrisskerritt/Dropbox/My Mac (chriss-MacBook-Pro.local)/Desktop/Econ Software/frontend/tests/NewAnalysis.test.tsx:136:46\n    at runWithExpensiveErrorDiagnosticsDisabled (/Users/chrisskerritt/Dropbox/My Mac (chriss-MacBook-Pro.local)/Desktop/Econ Software/frontend/node_modules/@testing-library/react/node_modules/@testing-library/dom/dist/config.js:47:12)\n    at checkCallback (/Users/chrisskerritt/Dropbox/My Mac (chriss-MacBook-Pro.local)/Desktop/Econ Software/frontend/node_modules/@testing-library/react/node_modules/@testing-library/dom/dist/wait-for.js:124:77)\n    at Timeout.checkRealTimersCallback (/Users/chrisskerritt/Dropbox/My Mac (chriss-MacBook-Pro.local)/Desktop/Econ Software/frontend/node_modules/@testing-library/react/node_modules/@testing-library/dom/dist/wait-for.js:118:16)\n    at listOnTimeout (node:internal/timers:614:17)\n    at processTimers (node:internal/timers:549:7)"],"meta":{}},{"ancestorTitles":["NewAnalysis Page"],"fullName":"NewAnalysis Page handles API errors","status":"failed","title":"handles API errors","duration":1182.4500420000004,"failureMessages":["Error: Unable to find an element with the text: Failed to create analysis. This could be because the text is broken up by multiple elements. In this case, you can provide a function for your text matcher to make your matcher more flexible.\n\nIgnored nodes: comments, script, style\n\u001b[36m<body\u001b[39m\n  \u001b[33mstyle\u001b[39m=\u001b[32m\"\"\u001b[39m\n\u001b[36m>\u001b[39m\n  \u001b[36m<div>\u001b[39m\n    \u001b[36m<div\u001b[39m\n      \u001b[33mclass\u001b[39m=\u001b[32m\"MuiContainer-root MuiContainer-maxWidthMd css-xdmu94-MuiContainer-root\"\u001b[39m\n    \u001b[36m>\u001b[39m\n      \u001b[36m<div\u001b[39m\n        \u001b[33mclass\u001b[39m=\u001b[32m\"MuiBox-root css-h5fkc8\"\u001b[39m\n      \u001b[36m>\u001b[39m\n        \u001b[36m<h4\u001b[39m\n          \u001b[33mclass\u001b[39m=\u001b[32m\"MuiTypography-root MuiTypography-h4 MuiTypography-gutterBottom css-1vw6mcs-MuiTypography-root\"\u001b[39m\n        \u001b[36m>\u001b[39m\n          \u001b[0mNew Analysis\u001b[0m\n        \u001b[36m</h4>\u001b[39m\n        \u001b[36m<div\u001b[39m\n          \u001b[33mclass\u001b[39m=\u001b[32m\"MuiPaper-root MuiPaper-elevation MuiPaper-rounded MuiPaper-elevation0 MuiAlert-root MuiAlert-colorError MuiAlert-standardError MuiAlert-standard css-1i3m5il-MuiPaper-root-MuiAlert-root\"\u001b[39m\n          \u001b[33mrole\u001b[39m=\u001b[32m\"alert\"\u001b[39m\n        \u001b[36m>\u001b[39m\n          \u001b[36m<div\u001b[39m\n            \u001b[33mclass\u001b[39m=\u001b[32m\"MuiAlert-icon css-1ytlwq5-MuiAlert-icon\"\u001b[39m\n          \u001b[36m>\u001b[39m\n            \u001b[36m<svg\u001b[39m\n              \u001b[33maria-hidden\u001b[39m=\u001b[32m\"true\"\u001b[39m\n              \u001b[33mclass\u001b[39m=\u001b[32m\"MuiSvgIcon-root MuiSvgIcon-fontSizeInherit css-1vooibu-MuiSvgIcon-root\"\u001b[39m\n              \u001b[33mdata-testid\u001b[39m=\u001b[32m\"ErrorOutlineIcon\"\u001b[39m\n              \u001b[33mfocusable\u001b[39m=\u001b[32m\"false\"\u001b[39m\n              \u001b[33mviewBox\u001b[39m=\u001b[32m\"0 0 24 24\"\u001b[39m\n            \u001b[36m>\u001b[39m\n              \u001b[36m<path\u001b[39m\n                \u001b[33md\u001b[39m=\u001b[32m\"M11 15h2v2h-2zm0-8h2v6h-2zm.99-5C6.47 2 2 6.48 2 12s4.47 10 9.99 10C17.52 22 22 17.52 22 12S17.52 2 11.99 2zM12 20c-4.42 0-8-3.58-8-8s3.58-8 8-8 8 3.58 8 8-3.58 8-8 8z\"\u001b[39m\n              \u001b[36m/>\u001b[39m\n            \u001b[36m</svg>\u001b[39m\n          \u001b[36m</div>\u001b[39m\n          \u001b[36m<div\u001b[39m\n            \u001b[33mclass\u001b[39m=\u001b[32m\"MuiAlert-message css-1pxa9xg-MuiAlert-message\"\u001b[39m\n          \u001b[36m>\u001b[39m\n            \u001b[0mPlease correct the errors before submitting the form.\u001b[0m\n          \u001b[36m</div>\u001b[39m\n        \u001b[36m</div>\u001b[39m\n        \u001b[36m<div\u001b[39m\n          \u001b[33mclass\u001b[39m=\u001b[32m\"MuiPaper-root MuiPaper-elevation MuiPaper-rounded MuiPaper-elevation1 css-1ps6pg7-MuiPaper-root\"\u001b[39m\n        \u001b[36m>\u001b[39m\n          \u001b[36m<div\u001b[39m\n            \u001b[33mclass\u001b[39m=\u001b[32m\"MuiBox-root css-19kzrtu\"\u001b[39m\n          \u001b[36m>\u001b[39m\n            \u001b[36m<form>\u001b[39m\n              \u001b[36m<div\u001b[39m\n                \u001b[33mclass\u001b[39m=\u001b[32m\"MuiGrid-root MuiGrid-container MuiGrid-spacing-xs-3 css-zow5z4-MuiGrid-root\"\u001b[39m\n              \u001b[36m>\u001b[39m\n                \u001b[36m<div\u001b[39m\n                  \u001b[33mclass\u001b[39m=\u001b[32m\"MuiGrid-root MuiGrid-item MuiGrid-grid-xs-12 css-1idn90j-MuiGrid-root\"\u001b[39m\n                \u001b[36m>\u001b[39m\n                  \u001b[36m<div\u001b[39m\n                    \u001b[33maria-invalid\u001b[39m=\u001b[32m\"false\"\u001b[39m\n                    \u001b[33mclass\u001b[39m=\u001b[32m\"MuiFormControl-root MuiFormControl-fullWidth MuiTextField-root css-wb57ya-MuiFormControl-root-MuiTextField-root\"\u001b[39m\n                    \u001b[33mdata-testid\u001b[39m=\u001b[32m\"evaluee-select\"\u001b[39m\n                  \u001b[36m>\u001b[39m\n                    \u001b[36m<label\u001b[39m\n                      \u001b[33mclass\u001b[39m=\u001b[32m\"MuiFormLabel-root MuiInputLabel-root MuiInputLabel-formControl MuiInputLabel-animated MuiInputLabel-shrink MuiInputLabel-sizeMedium MuiInputLabel-outlined MuiFormLabel-colorPrimary MuiFormLabel-filled Mui-required MuiInputLabel-root MuiInputLabel-formControl MuiInputLabel-animated MuiInputLabel-shrink MuiInputLabel-sizeMedium MuiInputLabel-outlined css-1jy569b-MuiFormLabel-root-MuiInputLabel-root\"\u001b[39m\n                      \u001b[33mdata-shrink\u001b[39m=\u001b[32m\"true\"\u001b[39m\n                      \u001b[33mfor\u001b[39m=\u001b[32m\":r1s:\"\u001b[39m\n                      \u001b[33mid\u001b[39m=\u001b[32m\":r1s:-label\"\u001b[39m\n                    \u001b[36m>\u001b[39m\n                      \u001b[0mEvaluee\u001b[0m\n                      \u001b[36m<span\u001b[39m\n                        \u001b[33maria-hidden\u001b[39m=\u001b[32m\"true\"\u001b[39m\n                        \u001b[33mclass\u001b[39m=\u001b[32m\"MuiFormLabel-asterisk MuiInputLabel-asterisk css-wgai2y-MuiFormLabel-asterisk\"\u001b[39m\n                      \u001b[36m>\u001b[39m\n                        \u001b[0m \u001b[0m\n                        \u001b[0m*\u001b[0m\n                      \u001b[36m</span>\u001b[39m\n                    \u001b[36m</label>\u001b[39m\n                    \u001b[36m<div\u001b[39m\n                      \u001b[33mclass\u001b[39m=\u001b[32m\"MuiInputBase-root MuiOutlinedInput-root MuiInputBase-colorPrimary MuiInputBase-fullWidth MuiInputBase-formControl css-md26zr-MuiInputBase-root-MuiOutlinedInput-root\"\u001b[39m\n                    \u001b[36m>\u001b[39m\n                      \u001b[36m<div\u001b[39m\n                        \u001b[33maria-controls\u001b[39m=\u001b[32m\":r1t:\"\u001b[39m\n                        \u001b[33maria-expanded\u001b[39m=\u001b[32m\"false\"\u001b[39m\n                        \u001b[33maria-haspopup\u001b[39m=\u001b[32m\"listbox\"\u001b[39m\n                        \u001b[33maria-labelledby\u001b[39m=\u001b[32m\":r1s:-label :r1s:\"\u001b[39m\n                        \u001b[33mclass\u001b[39m=\u001b[32m\"MuiSelect-select MuiSelect-outlined MuiInputBase-input MuiOutlinedInput-input css-11u53oe-MuiSelect-select-MuiInputBase-input-MuiOutlinedInput-input\"\u001b[39m\n                        \u001b[33mid\u001b[39m=\u001b[32m\":r1s:\"\u001b[39m\n                        \u001b[33mrole\u001b[39m=\u001b[32m\"combobox\"\u001b[39m\n                        \u001b[33mtabindex\u001b[39m=\u001b[32m\"0\"\u001b[39m\n                      \u001b[36m>\u001b[39m\n                        \u001b[0mJohn Doe\u001b[0m\n                      \u001b[36m</div>\u001b[39m\n                      \u001b[36m<input\u001b[39m\n                        \u001b[33maria-hidden\u001b[39m=\u001b[32m\"true\"\u001b[39m\n                        \u001b[33maria-invalid\u001b[39m=\u001b[32m\"false\"\u001b[39m\n                        \u001b[33mclass\u001b[39m=\u001b[32m\"MuiSelect-nativeInput css-yf8vq0-MuiSelect-nativeInput\"\u001b[39m\n                        \u001b[33mname\u001b[39m=\u001b[32m\"evaluee\"\u001b[39m\n                        \u001b[33mrequired\u001b[39m=\u001b[32m\"\"\u001b[39m\n                        \u001b[33mtabindex\u001b[39m=\u001b[32m\"-1\"\u001b[39m\n                        \u001b[33mvalue\u001b[39m=\u001b[32m\"1\"\u001b[39m\n                      \u001b[36m/>\u001b[39m\n                      \u001b[36m<svg\u001b[39m\n                        \u001b[33maria-hidden\u001b[39m=\u001b[32m\"true\"\u001b[39m\n                        \u001b[33mclass\u001b[39m=\u001b[32m\"MuiSvgIcon-root MuiSvgIcon-fontSizeMedium MuiSelect-icon MuiSelect-iconOutlined css-hfutr2-MuiSvgIcon-root-MuiSelect-icon\"\u001b[39m\n                        \u001b[33mdata-testid\u001b[39m=\u001b[32m\"ArrowDropDownIcon\"\u001b[39m\n                        \u001b[33mfocusable\u001b[39m=\u001b[32m\"false\"\u001b[39m\n                        \u001b[33mviewBox\u001b[39m=\u001b[32m\"0 0 24 24\"\u001b[39m\n                      \u001b[36m>\u001b[39m\n                        \u001b[36m<path\u001b[39m\n                          \u001b[33md\u001b[39m=\u001b[32m\"M7 10l5 5 5-5z\"\u001b[39m\n                        \u001b[36m/>\u001b[39m\n                      \u001b[36m</svg>\u001b[39m\n                      \u001b[36m<fieldset\u001b[39m\n                        \u001b[33maria-hidden\u001b[39m=\u001b[32m\"true\"\u001b[39m\n                        \u001b[33mclass\u001b[39m=\u001b[32m\"MuiOutlinedInput-notchedOutline css-1d3z3hw-MuiOutlinedInput-notchedOutline\"\u001b[39m\n                      \u001b[36m>\u001b[39m\n                        \u001b[36m<legend\u001b[39m\n                          \u001b[33mclass\u001b[39m=\u001b[32m\"css-14lo706\"\u001b[39m\n                        \u001b[36m>\u001b[39m\n                          \u001b[36m<span>\u001b[39m\n                            \u001b[0mEvaluee\u001b[0m\n                            \u001b[0m \u001b[0m\n                            \u001b[0m*\u001b[0m\n  ...\n    at Proxy.waitForWrapper (/Users/chrisskerritt/Dropbox/My Mac (chriss-MacBook-Pro.local)/Desktop/Econ Software/frontend/node_modules/@testing-library/react/node_modules/@testing-library/dom/dist/wait-for.js:163:27)\n    at /Users/chrisskerritt/Dropbox/My Mac (chriss-MacBook-Pro.local)/Desktop/Econ Software/frontend/tests/NewAnalysis.test.tsx:170:11\n    at file:///Users/chrisskerritt/Dropbox/My%20Mac%20(chriss-MacBook-Pro.local)/Desktop/Econ%20Software/frontend/node_modules/@vitest/runner/dist/index.js:533:5\n    at runTest (file:///Users/chrisskerritt/Dropbox/My%20Mac%20(chriss-MacBook-Pro.local)/Desktop/Econ%20Software/frontend/node_modules/@vitest/runner/dist/index.js:1056:11)\n    at runSuite (file:///Users/chrisskerritt/Dropbox/My%20Mac%20(chriss-MacBook-Pro.local)/Desktop/Econ%20Software/frontend/node_modules/@vitest/runner/dist/index.js:1205:15)\n    at runSuite (file:///Users/chrisskerritt/Dropbox/My%20Mac%20(chriss-MacBook-Pro.local)/Desktop/Econ%20Software/frontend/node_modules/@vitest/runner/dist/index.js:1205:15)\n    at runFiles (file:///Users/chrisskerritt/Dropbox/My%20Mac%20(chriss-MacBook-Pro.local)/Desktop/Econ%20Software/frontend/node_modules/@vitest/runner/dist/index.js:1262:5)\n    at startTests (file:///Users/chrisskerritt/Dropbox/My%20Mac%20(chriss-MacBook-Pro.local)/Desktop/Econ%20Software/frontend/node_modules/@vitest/runner/dist/index.js:1271:3)\n    at file:///Users/chrisskerritt/Dropbox/My%20Mac%20(chriss-MacBook-Pro.local)/Desktop/Econ%20Software/frontend/node_modules/vitest/dist/chunks/runBaseTests.3qpJUEJM.js:126:11\n    at withEnv (file:///Users/chrisskerritt/Dropbox/My%20Mac%20(chriss-MacBook-Pro.local)/Desktop/Econ%20Software/frontend/node_modules/vitest/dist/chunks/runBaseTests.3qpJUEJM.js:90:5)"],"meta":{}},{"ancestorTitles":["NewAnalysis Page"],"fullName":"NewAnalysis Page handles optional fields correctly","status":"failed","title":"handles optional fields correctly","duration":1085.8530419999997,"failureMessages":["AssertionError: expected \"createAnalysis\" to be called with arguments: [ { evaluee: 1, …(17) } ]\n\nReceived: \n\n\n\nNumber of calls: 0\n\n\nIgnored nodes: comments, script, style\n\u001b[36m<html>\u001b[39m\n  \u001b[36m<head />\u001b[39m\n  \u001b[36m<body\u001b[39m\n    \u001b[33mstyle\u001b[39m=\u001b[32m\"\"\u001b[39m\n  \u001b[36m>\u001b[39m\n    \u001b[36m<div>\u001b[39m\n      \u001b[36m<div\u001b[39m\n        \u001b[33mclass\u001b[39m=\u001b[32m\"MuiContainer-root MuiContainer-maxWidthMd css-xdmu94-MuiContainer-root\"\u001b[39m\n      \u001b[36m>\u001b[39m\n        \u001b[36m<div\u001b[39m\n          \u001b[33mclass\u001b[39m=\u001b[32m\"MuiBox-root css-h5fkc8\"\u001b[39m\n        \u001b[36m>\u001b[39m\n          \u001b[36m<h4\u001b[39m\n            \u001b[33mclass\u001b[39m=\u001b[32m\"MuiTypography-root MuiTypography-h4 MuiTypography-gutterBottom css-1vw6mcs-MuiTypography-root\"\u001b[39m\n          \u001b[36m>\u001b[39m\n            \u001b[0mNew Analysis\u001b[0m\n          \u001b[36m</h4>\u001b[39m\n          \u001b[36m<div\u001b[39m\n            \u001b[33mclass\u001b[39m=\u001b[32m\"MuiPaper-root MuiPaper-elevation MuiPaper-rounded MuiPaper-elevation0 MuiAlert-root MuiAlert-colorError MuiAlert-standardError MuiAlert-standard css-1i3m5il-MuiPaper-root-MuiAlert-root\"\u001b[39m\n            \u001b[33mrole\u001b[39m=\u001b[32m\"alert\"\u001b[39m\n          \u001b[36m>\u001b[39m\n            \u001b[36m<div\u001b[39m\n              \u001b[33mclass\u001b[39m=\u001b[32m\"MuiAlert-icon css-1ytlwq5-MuiAlert-icon\"\u001b[39m\n            \u001b[36m>\u001b[39m\n              \u001b[36m<svg\u001b[39m\n                \u001b[33maria-hidden\u001b[39m=\u001b[32m\"true\"\u001b[39m\n                \u001b[33mclass\u001b[39m=\u001b[32m\"MuiSvgIcon-root MuiSvgIcon-fontSizeInherit css-1vooibu-MuiSvgIcon-root\"\u001b[39m\n                \u001b[33mdata-testid\u001b[39m=\u001b[32m\"ErrorOutlineIcon\"\u001b[39m\n                \u001b[33mfocusable\u001b[39m=\u001b[32m\"false\"\u001b[39m\n                \u001b[33mviewBox\u001b[39m=\u001b[32m\"0 0 24 24\"\u001b[39m\n              \u001b[36m>\u001b[39m\n                \u001b[36m<path\u001b[39m\n                  \u001b[33md\u001b[39m=\u001b[32m\"M11 15h2v2h-2zm0-8h2v6h-2zm.99-5C6.47 2 2 6.48 2 12s4.47 10 9.99 10C17.52 22 22 17.52 22 12S17.52 2 11.99 2zM12 20c-4.42 0-8-3.58-8-8s3.58-8 8-8 8 3.58 8 8-3.58 8-8 8z\"\u001b[39m\n                \u001b[36m/>\u001b[39m\n              \u001b[36m</svg>\u001b[39m\n            \u001b[36m</div>\u001b[39m\n            \u001b[36m<div\u001b[39m\n              \u001b[33mclass\u001b[39m=\u001b[32m\"MuiAlert-message css-1pxa9xg-MuiAlert-message\"\u001b[39m\n            \u001b[36m>\u001b[39m\n              \u001b[0mPlease correct the errors before submitting the form.\u001b[0m\n            \u001b[36m</div>\u001b[39m\n          \u001b[36m</div>\u001b[39m\n          \u001b[36m<div\u001b[39m\n            \u001b[33mclass\u001b[39m=\u001b[32m\"MuiPaper-root MuiPaper-elevation MuiPaper-rounded MuiPaper-elevation1 css-1ps6pg7-MuiPaper-root\"\u001b[39m\n          \u001b[36m>\u001b[39m\n            \u001b[36m<div\u001b[39m\n              \u001b[33mclass\u001b[39m=\u001b[32m\"MuiBox-root css-19kzrtu\"\u001b[39m\n            \u001b[36m>\u001b[39m\n              \u001b[36m<form>\u001b[39m\n                \u001b[36m<div\u001b[39m\n                  \u001b[33mclass\u001b[39m=\u001b[32m\"MuiGrid-root MuiGrid-container MuiGrid-spacing-xs-3 css-zow5z4-MuiGrid-root\"\u001b[39m\n                \u001b[36m>\u001b[39m\n                  \u001b[36m<div\u001b[39m\n                    \u001b[33mclass\u001b[39m=\u001b[32m\"MuiGrid-root MuiGrid-item MuiGrid-grid-xs-12 css-1idn90j-MuiGrid-root\"\u001b[39m\n                  \u001b[36m>\u001b[39m\n                    \u001b[36m<div\u001b[39m\n                      \u001b[33maria-invalid\u001b[39m=\u001b[32m\"false\"\u001b[39m\n                      \u001b[33mclass\u001b[39m=\u001b[32m\"MuiFormControl-root MuiFormControl-fullWidth MuiTextField-root css-wb57ya-MuiFormControl-root-MuiTextField-root\"\u001b[39m\n                      \u001b[33mdata-testid\u001b[39m=\u001b[32m\"evaluee-select\"\u001b[39m\n                    \u001b[36m>\u001b[39m\n                      \u001b[36m<label\u001b[39m\n                        \u001b[33mclass\u001b[39m=\u001b[32m\"MuiFormLabel-root MuiInputLabel-root MuiInputLabel-formControl MuiInputLabel-animated MuiInputLabel-shrink MuiInputLabel-sizeMedium MuiInputLabel-outlined MuiFormLabel-colorPrimary MuiFormLabel-filled Mui-required MuiInputLabel-root MuiInputLabel-formControl MuiInputLabel-animated MuiInputLabel-shrink MuiInputLabel-sizeMedium MuiInputLabel-outlined css-1jy569b-MuiFormLabel-root-MuiInputLabel-root\"\u001b[39m\n                        \u001b[33mdata-shrink\u001b[39m=\u001b[32m\"true\"\u001b[39m\n                        \u001b[33mfor\u001b[39m=\u001b[32m\":r2b:\"\u001b[39m\n                        \u001b[33mid\u001b[39m=\u001b[32m\":r2b:-label\"\u001b[39m\n                      \u001b[36m>\u001b[39m\n                        \u001b[0mEvaluee\u001b[0m\n                        \u001b[36m<span\u001b[39m\n                          \u001b[33maria-hidden\u001b[39m=\u001b[32m\"true\"\u001b[39m\n                          \u001b[33mclass\u001b[39m=\u001b[32m\"MuiFormLabel-asterisk MuiInputLabel-asterisk css-wgai2y-MuiFormLabel-asterisk\"\u001b[39m\n                        \u001b[36m>\u001b[39m\n                          \u001b[0m \u001b[0m\n                          \u001b[0m*\u001b[0m\n                        \u001b[36m</span>\u001b[39m\n                      \u001b[36m</label>\u001b[39m\n                      \u001b[36m<div\u001b[39m\n                        \u001b[33mclass\u001b[39m=\u001b[32m\"MuiInputBase-root MuiOutlinedInput-root MuiInputBase-colorPrimary MuiInputBase-fullWidth MuiInputBase-formControl css-md26zr-MuiInputBase-root-MuiOutlinedInput-root\"\u001b[39m\n                      \u001b[36m>\u001b[39m\n                        \u001b[36m<div\u001b[39m\n                          \u001b[33maria-controls\u001b[39m=\u001b[32m\":r2c:\"\u001b[39m\n                          \u001b[33maria-expanded\u001b[39m=\u001b[32m\"false\"\u001b[39m\n                          \u001b[33maria-haspopup\u001b[39m=\u001b[32m\"listbox\"\u001b[39m\n                          \u001b[33maria-labelledby\u001b[39m=\u001b[32m\":r2b:-label :r2b:\"\u001b[39m\n                          \u001b[33mclass\u001b[39m=\u001b[32m\"MuiSelect-select MuiSelect-outlined MuiInputBase-input MuiOutlinedInput-input css-11u53oe-MuiSelect-select-MuiInputBase-input-MuiOutlinedInput-input\"\u001b[39m\n                          \u001b[33mid\u001b[39m=\u001b[32m\":r2b:\"\u001b[39m\n                          \u001b[33mrole\u001b[39m=\u001b[32m\"combobox\"\u001b[39m\n                          \u001b[33mtabindex\u001b[39m=\u001b[32m\"0\"\u001b[39m\n                        \u001b[36m>\u001b[39m\n                          \u001b[0mJohn Doe\u001b[0m\n                        \u001b[36m</div>\u001b[39m\n                        \u001b[36m<input\u001b[39m\n                          \u001b[33maria-hidden\u001b[39m=\u001b[32m\"true\"\u001b[39m\n                          \u001b[33maria-invalid\u001b[39m=\u001b[32m\"false\"\u001b[39m\n                          \u001b[33mclass\u001b[39m=\u001b[32m\"MuiSelect-nativeInput css-yf8vq0-MuiSelect-nativeInput\"\u001b[39m\n                          \u001b[33mname\u001b[39m=\u001b[32m\"evaluee\"\u001b[39m\n                          \u001b[33mrequired\u001b[39m=\u001b[32m\"\"\u001b[39m\n                          \u001b[33mtabindex\u001b[39m=\u001b[32m\"-1\"\u001b[39m\n                          \u001b[33mvalue\u001b[39m=\u001b[32m\"1\"\u001b[39m\n                        \u001b[36m/>\u001b[39m\n                        \u001b[36m<svg\u001b[39m\n                          \u001b[33maria-hidden\u001b[39m=\u001b[32m\"true\"\u001b[39m\n                          \u001b[33mclass\u001b[39m=\u001b[32m\"MuiSvgIcon-root MuiSvgIcon-fontSizeMedium MuiSelect-icon MuiSelect-iconOutlined css-hfutr2-MuiSvgIcon-root-MuiSelect-icon\"\u001b[39m\n                          \u001b[33mdata-testid\u001b[39m=\u001b[32m\"ArrowDropDownIcon\"\u001b[39m\n                          \u001b[33mfocusable\u001b[39m=\u001b[32m\"false\"\u001b[39m\n                          \u001b[33mviewBox\u001b[39m=\u001b[32m\"0 0 24 24\"\u001b[39m\n                        \u001b[36m>\u001b[39m\n                          \u001b[36m<path\u001b[39m\n                            \u001b[33md\u001b[39m=\u001b[32m\"M7 10l5 5 5-5z\"\u001b[39m\n                          \u001b[36m/>\u001b[39m\n                        \u001b[36m</svg>\u001b[39m\n                        \u001b[36m<fieldset\u001b[39m\n                          \u001b[33maria-hidden\u001b[39m=\u001b[32m\"true\"\u001b[39m\n                          \u001b[33mclass\u001b[39m=\u001b[32m\"MuiOutlinedInput-notchedOutline css-1d3z3hw-MuiOutlinedInput-notchedOutline\"\u001b[39m\n                        \u001b[36m>\u001b[39m\n                          \u001b[36m<legend\u001b[39m\n   ...\n    at Proxy.<anonymous> (file:///Users/chrisskerritt/Dropbox/My%20Mac%20(chriss-MacBook-Pro.local)/Desktop/Econ%20Software/frontend/node_modules/@vitest/expect/dist/index.js:1465:13)\n    at Proxy.<anonymous> (file:///Users/chrisskerritt/Dropbox/My%20Mac%20(chriss-MacBook-Pro.local)/Desktop/Econ%20Software/frontend/node_modules/@vitest/expect/dist/index.js:972:17)\n    at Proxy.methodWrapper (file:///Users/chrisskerritt/Dropbox/My%20Mac%20(chriss-MacBook-Pro.local)/Desktop/Econ%20Software/frontend/node_modules/chai/chai.js:1610:25)\n    at /Users/chrisskerritt/Dropbox/My Mac (chriss-MacBook-Pro.local)/Desktop/Econ Software/frontend/tests/NewAnalysis.test.tsx:206:46\n    at runWithExpensiveErrorDiagnosticsDisabled (/Users/chrisskerritt/Dropbox/My Mac (chriss-MacBook-Pro.local)/Desktop/Econ Software/frontend/node_modules/@testing-library/react/node_modules/@testing-library/dom/dist/config.js:47:12)\n    at checkCallback (/Users/chrisskerritt/Dropbox/My Mac (chriss-MacBook-Pro.local)/Desktop/Econ Software/frontend/node_modules/@testing-library/react/node_modules/@testing-library/dom/dist/wait-for.js:124:77)\n    at Timeout.checkRealTimersCallback (/Users/chrisskerritt/Dropbox/My Mac (chriss-MacBook-Pro.local)/Desktop/Econ Software/frontend/node_modules/@testing-library/react/node_modules/@testing-library/dom/dist/wait-for.js:118:16)\n    at listOnTimeout (node:internal/timers:614:17)\n    at processTimers (node:internal/timers:549:7)"],"meta":{}}],"startTime":1735299542154,"endTime":1735299546871.853,"status":"failed","message":"","name":"/Users/chrisskerritt/Dropbox/My Mac (chriss-MacBook-Pro.local)/Desktop/Econ Software/frontend/tests/NewAnalysis.test.tsx"},{"assertionResults":[{"ancestorTitles":["Table Formatting"],"fullName":"Table Formatting formats Exhibit 1 (Pre-Trial) header correctly","status":"failed","title":"formats Exhibit 1 (Pre-Trial) header correctly","duration":1018.7720840000001,"failureMessages":["Error: Unable to find an element by: [data-testid=\"exhibit1-header\"]\n\nIgnored nodes: comments, script, style\n\u001b[36m<body>\u001b[39m\n  \u001b[36m<div>\u001b[39m\n    \u001b[36m<div\u001b[39m\n      \u001b[33mclass\u001b[39m=\u001b[32m\"container mx-auto p-4 max-w-7xl\"\u001b[39m\n    \u001b[36m>\u001b[39m\n      \u001b[36m<div\u001b[39m\n        \u001b[33mclass\u001b[39m=\u001b[32m\"text-center p-8\"\u001b[39m\n      \u001b[36m>\u001b[39m\n        \u001b[36m<div\u001b[39m\n          \u001b[33mclass\u001b[39m=\u001b[32m\"text-red-600 mb-4\"\u001b[39m\n          \u001b[33mdata-testid\u001b[39m=\u001b[32m\"error-message\"\u001b[39m\n        \u001b[36m>\u001b[39m\n          \u001b[0mAn error occurred\u001b[0m\n        \u001b[36m</div>\u001b[39m\n        \u001b[36m<button\u001b[39m\n          \u001b[33mclass\u001b[39m=\u001b[32m\"bg-blue-500 text-white px-4 py-2 rounded hover:bg-blue-600\"\u001b[39m\n          \u001b[33mdata-testid\u001b[39m=\u001b[32m\"retry-button\"\u001b[39m\n        \u001b[36m>\u001b[39m\n          \u001b[0mRetry\u001b[0m\n        \u001b[36m</button>\u001b[39m\n      \u001b[36m</div>\u001b[39m\n    \u001b[36m</div>\u001b[39m\n  \u001b[36m</div>\u001b[39m\n\u001b[36m</body>\u001b[39m\n    at waitForWrapper (/Users/chrisskerritt/Dropbox/My Mac (chriss-MacBook-Pro.local)/Desktop/Econ Software/frontend/node_modules/@testing-library/react/node_modules/@testing-library/dom/dist/wait-for.js:163:27)\n    at /Users/chrisskerritt/Dropbox/My Mac (chriss-MacBook-Pro.local)/Desktop/Econ Software/frontend/node_modules/@testing-library/react/node_modules/@testing-library/dom/dist/query-helpers.js:86:33\n    at /Users/chrisskerritt/Dropbox/My Mac (chriss-MacBook-Pro.local)/Desktop/Econ Software/frontend/tests/TableFormatting.test.tsx:85:33\n    at file:///Users/chrisskerritt/Dropbox/My%20Mac%20(chriss-MacBook-Pro.local)/Desktop/Econ%20Software/frontend/node_modules/@vitest/runner/dist/index.js:146:14\n    at file:///Users/chrisskerritt/Dropbox/My%20Mac%20(chriss-MacBook-Pro.local)/Desktop/Econ%20Software/frontend/node_modules/@vitest/runner/dist/index.js:533:11\n    at runWithTimeout (file:///Users/chrisskerritt/Dropbox/My%20Mac%20(chriss-MacBook-Pro.local)/Desktop/Econ%20Software/frontend/node_modules/@vitest/runner/dist/index.js:39:7)\n    at runTest (file:///Users/chrisskerritt/Dropbox/My%20Mac%20(chriss-MacBook-Pro.local)/Desktop/Econ%20Software/frontend/node_modules/@vitest/runner/dist/index.js:1056:17)\n    at processTicksAndRejections (node:internal/process/task_queues:105:5)\n    at runSuite (file:///Users/chrisskerritt/Dropbox/My%20Mac%20(chriss-MacBook-Pro.local)/Desktop/Econ%20Software/frontend/node_modules/@vitest/runner/dist/index.js:1205:15)\n    at runSuite (file:///Users/chrisskerritt/Dropbox/My%20Mac%20(chriss-MacBook-Pro.local)/Desktop/Econ%20Software/frontend/node_modules/@vitest/runner/dist/index.js:1205:15)"],"meta":{}},{"ancestorTitles":["Table Formatting"],"fullName":"Table Formatting formats Exhibit 1 table headers correctly","status":"failed","title":"formats Exhibit 1 table headers correctly","duration":1003.7439159999999,"failureMessages":["Error: Unable to find role=\"table\"\n\nIgnored nodes: comments, script, style\n\u001b[36m<body>\u001b[39m\n  \u001b[36m<div>\u001b[39m\n    \u001b[36m<div\u001b[39m\n      \u001b[33mclass\u001b[39m=\u001b[32m\"container mx-auto p-4 max-w-7xl\"\u001b[39m\n    \u001b[36m>\u001b[39m\n      \u001b[36m<div\u001b[39m\n        \u001b[33mclass\u001b[39m=\u001b[32m\"text-center p-8\"\u001b[39m\n      \u001b[36m>\u001b[39m\n        \u001b[36m<div\u001b[39m\n          \u001b[33mclass\u001b[39m=\u001b[32m\"text-red-600 mb-4\"\u001b[39m\n          \u001b[33mdata-testid\u001b[39m=\u001b[32m\"error-message\"\u001b[39m\n        \u001b[36m>\u001b[39m\n          \u001b[0mAn error occurred\u001b[0m\n        \u001b[36m</div>\u001b[39m\n        \u001b[36m<button\u001b[39m\n          \u001b[33mclass\u001b[39m=\u001b[32m\"bg-blue-500 text-white px-4 py-2 rounded hover:bg-blue-600\"\u001b[39m\n          \u001b[33mdata-testid\u001b[39m=\u001b[32m\"retry-button\"\u001b[39m\n        \u001b[36m>\u001b[39m\n          \u001b[0mRetry\u001b[0m\n        \u001b[36m</button>\u001b[39m\n      \u001b[36m</div>\u001b[39m\n    \u001b[36m</div>\u001b[39m\n  \u001b[36m</div>\u001b[39m\n\u001b[36m</body>\u001b[39m\n    at waitForWrapper (/Users/chrisskerritt/Dropbox/My Mac (chriss-MacBook-Pro.local)/Desktop/Econ Software/frontend/node_modules/@testing-library/react/node_modules/@testing-library/dom/dist/wait-for.js:163:27)\n    at /Users/chrisskerritt/Dropbox/My Mac (chriss-MacBook-Pro.local)/Desktop/Econ Software/frontend/node_modules/@testing-library/react/node_modules/@testing-library/dom/dist/query-helpers.js:86:33\n    at /Users/chrisskerritt/Dropbox/My Mac (chriss-MacBook-Pro.local)/Desktop/Econ Software/frontend/tests/TableFormatting.test.tsx:104:32\n    at file:///Users/chrisskerritt/Dropbox/My%20Mac%20(chriss-MacBook-Pro.local)/Desktop/Econ%20Software/frontend/node_modules/@vitest/runner/dist/index.js:146:14\n    at file:///Users/chrisskerritt/Dropbox/My%20Mac%20(chriss-MacBook-Pro.local)/Desktop/Econ%20Software/frontend/node_modules/@vitest/runner/dist/index.js:533:11\n    at runWithTimeout (file:///Users/chrisskerritt/Dropbox/My%20Mac%20(chriss-MacBook-Pro.local)/Desktop/Econ%20Software/frontend/node_modules/@vitest/runner/dist/index.js:39:7)\n    at runTest (file:///Users/chrisskerritt/Dropbox/My%20Mac%20(chriss-MacBook-Pro.local)/Desktop/Econ%20Software/frontend/node_modules/@vitest/runner/dist/index.js:1056:17)\n    at runSuite (file:///Users/chrisskerritt/Dropbox/My%20Mac%20(chriss-MacBook-Pro.local)/Desktop/Econ%20Software/frontend/node_modules/@vitest/runner/dist/index.js:1205:15)\n    at runSuite (file:///Users/chrisskerritt/Dropbox/My%20Mac%20(chriss-MacBook-Pro.local)/Desktop/Econ%20Software/frontend/node_modules/@vitest/runner/dist/index.js:1205:15)\n    at runFiles (file:///Users/chrisskerritt/Dropbox/My%20Mac%20(chriss-MacBook-Pro.local)/Desktop/Econ%20Software/frontend/node_modules/@vitest/runner/dist/index.js:1262:5)"],"meta":{}},{"ancestorTitles":["Table Formatting"],"fullName":"Table Formatting formats Exhibit 1 table values correctly","status":"failed","title":"formats Exhibit 1 table values correctly","duration":1003.5002089999998,"failureMessages":["Error: Unable to find role=\"table\"\n\nIgnored nodes: comments, script, style\n\u001b[36m<body>\u001b[39m\n  \u001b[36m<div>\u001b[39m\n    \u001b[36m<div\u001b[39m\n      \u001b[33mclass\u001b[39m=\u001b[32m\"container mx-auto p-4 max-w-7xl\"\u001b[39m\n    \u001b[36m>\u001b[39m\n      \u001b[36m<div\u001b[39m\n        \u001b[33mclass\u001b[39m=\u001b[32m\"text-center p-8\"\u001b[39m\n      \u001b[36m>\u001b[39m\n        \u001b[36m<div\u001b[39m\n          \u001b[33mclass\u001b[39m=\u001b[32m\"text-red-600 mb-4\"\u001b[39m\n          \u001b[33mdata-testid\u001b[39m=\u001b[32m\"error-message\"\u001b[39m\n        \u001b[36m>\u001b[39m\n          \u001b[0mAn error occurred\u001b[0m\n        \u001b[36m</div>\u001b[39m\n        \u001b[36m<button\u001b[39m\n          \u001b[33mclass\u001b[39m=\u001b[32m\"bg-blue-500 text-white px-4 py-2 rounded hover:bg-blue-600\"\u001b[39m\n          \u001b[33mdata-testid\u001b[39m=\u001b[32m\"retry-button\"\u001b[39m\n        \u001b[36m>\u001b[39m\n          \u001b[0mRetry\u001b[0m\n        \u001b[36m</button>\u001b[39m\n      \u001b[36m</div>\u001b[39m\n    \u001b[36m</div>\u001b[39m\n  \u001b[36m</div>\u001b[39m\n\u001b[36m</body>\u001b[39m\n    at waitForWrapper (/Users/chrisskerritt/Dropbox/My Mac (chriss-MacBook-Pro.local)/Desktop/Econ Software/frontend/node_modules/@testing-library/react/node_modules/@testing-library/dom/dist/wait-for.js:163:27)\n    at /Users/chrisskerritt/Dropbox/My Mac (chriss-MacBook-Pro.local)/Desktop/Econ Software/frontend/node_modules/@testing-library/react/node_modules/@testing-library/dom/dist/query-helpers.js:86:33\n    at /Users/chrisskerritt/Dropbox/My Mac (chriss-MacBook-Pro.local)/Desktop/Econ Software/frontend/tests/TableFormatting.test.tsx:119:32\n    at file:///Users/chrisskerritt/Dropbox/My%20Mac%20(chriss-MacBook-Pro.local)/Desktop/Econ%20Software/frontend/node_modules/@vitest/runner/dist/index.js:146:14\n    at file:///Users/chrisskerritt/Dropbox/My%20Mac%20(chriss-MacBook-Pro.local)/Desktop/Econ%20Software/frontend/node_modules/@vitest/runner/dist/index.js:533:11\n    at runWithTimeout (file:///Users/chrisskerritt/Dropbox/My%20Mac%20(chriss-MacBook-Pro.local)/Desktop/Econ%20Software/frontend/node_modules/@vitest/runner/dist/index.js:39:7)\n    at runTest (file:///Users/chrisskerritt/Dropbox/My%20Mac%20(chriss-MacBook-Pro.local)/Desktop/Econ%20Software/frontend/node_modules/@vitest/runner/dist/index.js:1056:17)\n    at runSuite (file:///Users/chrisskerritt/Dropbox/My%20Mac%20(chriss-MacBook-Pro.local)/Desktop/Econ%20Software/frontend/node_modules/@vitest/runner/dist/index.js:1205:15)\n    at runSuite (file:///Users/chrisskerritt/Dropbox/My%20Mac%20(chriss-MacBook-Pro.local)/Desktop/Econ%20Software/frontend/node_modules/@vitest/runner/dist/index.js:1205:15)\n    at runFiles (file:///Users/chrisskerritt/Dropbox/My%20Mac%20(chriss-MacBook-Pro.local)/Desktop/Econ%20Software/frontend/node_modules/@vitest/runner/dist/index.js:1262:5)"],"meta":{}},{"ancestorTitles":["Table Formatting"],"fullName":"Table Formatting formats Exhibit 2 (Post-Trial) header correctly","status":"failed","title":"formats Exhibit 2 (Post-Trial) header correctly","duration":1002.8794590000002,"failureMessages":["Error: Unable to find an element by: [data-testid=\"exhibit2-header\"]\n\nIgnored nodes: comments, script, style\n\u001b[36m<body>\u001b[39m\n  \u001b[36m<div>\u001b[39m\n    \u001b[36m<div\u001b[39m\n      \u001b[33mclass\u001b[39m=\u001b[32m\"container mx-auto p-4 max-w-7xl\"\u001b[39m\n    \u001b[36m>\u001b[39m\n      \u001b[36m<div\u001b[39m\n        \u001b[33mclass\u001b[39m=\u001b[32m\"text-center p-8\"\u001b[39m\n      \u001b[36m>\u001b[39m\n        \u001b[36m<div\u001b[39m\n          \u001b[33mclass\u001b[39m=\u001b[32m\"text-red-600 mb-4\"\u001b[39m\n          \u001b[33mdata-testid\u001b[39m=\u001b[32m\"error-message\"\u001b[39m\n        \u001b[36m>\u001b[39m\n          \u001b[0mAn error occurred\u001b[0m\n        \u001b[36m</div>\u001b[39m\n        \u001b[36m<button\u001b[39m\n          \u001b[33mclass\u001b[39m=\u001b[32m\"bg-blue-500 text-white px-4 py-2 rounded hover:bg-blue-600\"\u001b[39m\n          \u001b[33mdata-testid\u001b[39m=\u001b[32m\"retry-button\"\u001b[39m\n        \u001b[36m>\u001b[39m\n          \u001b[0mRetry\u001b[0m\n        \u001b[36m</button>\u001b[39m\n      \u001b[36m</div>\u001b[39m\n    \u001b[36m</div>\u001b[39m\n  \u001b[36m</div>\u001b[39m\n\u001b[36m</body>\u001b[39m\n    at waitForWrapper (/Users/chrisskerritt/Dropbox/My Mac (chriss-MacBook-Pro.local)/Desktop/Econ Software/frontend/node_modules/@testing-library/react/node_modules/@testing-library/dom/dist/wait-for.js:163:27)\n    at /Users/chrisskerritt/Dropbox/My Mac (chriss-MacBook-Pro.local)/Desktop/Econ Software/frontend/node_modules/@testing-library/react/node_modules/@testing-library/dom/dist/query-helpers.js:86:33\n    at /Users/chrisskerritt/Dropbox/My Mac (chriss-MacBook-Pro.local)/Desktop/Econ Software/frontend/tests/TableFormatting.test.tsx:135:33\n    at file:///Users/chrisskerritt/Dropbox/My%20Mac%20(chriss-MacBook-Pro.local)/Desktop/Econ%20Software/frontend/node_modules/@vitest/runner/dist/index.js:146:14\n    at file:///Users/chrisskerritt/Dropbox/My%20Mac%20(chriss-MacBook-Pro.local)/Desktop/Econ%20Software/frontend/node_modules/@vitest/runner/dist/index.js:533:11\n    at runWithTimeout (file:///Users/chrisskerritt/Dropbox/My%20Mac%20(chriss-MacBook-Pro.local)/Desktop/Econ%20Software/frontend/node_modules/@vitest/runner/dist/index.js:39:7)\n    at runTest (file:///Users/chrisskerritt/Dropbox/My%20Mac%20(chriss-MacBook-Pro.local)/Desktop/Econ%20Software/frontend/node_modules/@vitest/runner/dist/index.js:1056:17)\n    at runSuite (file:///Users/chrisskerritt/Dropbox/My%20Mac%20(chriss-MacBook-Pro.local)/Desktop/Econ%20Software/frontend/node_modules/@vitest/runner/dist/index.js:1205:15)\n    at runSuite (file:///Users/chrisskerritt/Dropbox/My%20Mac%20(chriss-MacBook-Pro.local)/Desktop/Econ%20Software/frontend/node_modules/@vitest/runner/dist/index.js:1205:15)\n    at runFiles (file:///Users/chrisskerritt/Dropbox/My%20Mac%20(chriss-MacBook-Pro.local)/Desktop/Econ%20Software/frontend/node_modules/@vitest/runner/dist/index.js:1262:5)"],"meta":{}},{"ancestorTitles":["Table Formatting"],"fullName":"Table Formatting formats Exhibit 2 table values correctly","status":"failed","title":"formats Exhibit 2 table values correctly","duration":1001.7893750000003,"failureMessages":["Error: Unable to find role=\"table\"\n\nIgnored nodes: comments, script, style\n\u001b[36m<body>\u001b[39m\n  \u001b[36m<div>\u001b[39m\n    \u001b[36m<div\u001b[39m\n      \u001b[33mclass\u001b[39m=\u001b[32m\"container mx-auto p-4 max-w-7xl\"\u001b[39m\n    \u001b[36m>\u001b[39m\n      \u001b[36m<div\u001b[39m\n        \u001b[33mclass\u001b[39m=\u001b[32m\"text-center p-8\"\u001b[39m\n      \u001b[36m>\u001b[39m\n        \u001b[36m<div\u001b[39m\n          \u001b[33mclass\u001b[39m=\u001b[32m\"text-red-600 mb-4\"\u001b[39m\n          \u001b[33mdata-testid\u001b[39m=\u001b[32m\"error-message\"\u001b[39m\n        \u001b[36m>\u001b[39m\n          \u001b[0mAn error occurred\u001b[0m\n        \u001b[36m</div>\u001b[39m\n        \u001b[36m<button\u001b[39m\n          \u001b[33mclass\u001b[39m=\u001b[32m\"bg-blue-500 text-white px-4 py-2 rounded hover:bg-blue-600\"\u001b[39m\n          \u001b[33mdata-testid\u001b[39m=\u001b[32m\"retry-button\"\u001b[39m\n        \u001b[36m>\u001b[39m\n          \u001b[0mRetry\u001b[0m\n        \u001b[36m</button>\u001b[39m\n      \u001b[36m</div>\u001b[39m\n    \u001b[36m</div>\u001b[39m\n  \u001b[36m</div>\u001b[39m\n\u001b[36m</body>\u001b[39m\n    at waitForWrapper (/Users/chrisskerritt/Dropbox/My Mac (chriss-MacBook-Pro.local)/Desktop/Econ Software/frontend/node_modules/@testing-library/react/node_modules/@testing-library/dom/dist/wait-for.js:163:27)\n    at /Users/chrisskerritt/Dropbox/My Mac (chriss-MacBook-Pro.local)/Desktop/Econ Software/frontend/node_modules/@testing-library/react/node_modules/@testing-library/dom/dist/query-helpers.js:86:33\n    at /Users/chrisskerritt/Dropbox/My Mac (chriss-MacBook-Pro.local)/Desktop/Econ Software/frontend/tests/TableFormatting.test.tsx:152:33\n    at file:///Users/chrisskerritt/Dropbox/My%20Mac%20(chriss-MacBook-Pro.local)/Desktop/Econ%20Software/frontend/node_modules/@vitest/runner/dist/index.js:146:14\n    at file:///Users/chrisskerritt/Dropbox/My%20Mac%20(chriss-MacBook-Pro.local)/Desktop/Econ%20Software/frontend/node_modules/@vitest/runner/dist/index.js:533:11\n    at runWithTimeout (file:///Users/chrisskerritt/Dropbox/My%20Mac%20(chriss-MacBook-Pro.local)/Desktop/Econ%20Software/frontend/node_modules/@vitest/runner/dist/index.js:39:7)\n    at runTest (file:///Users/chrisskerritt/Dropbox/My%20Mac%20(chriss-MacBook-Pro.local)/Desktop/Econ%20Software/frontend/node_modules/@vitest/runner/dist/index.js:1056:17)\n    at runSuite (file:///Users/chrisskerritt/Dropbox/My%20Mac%20(chriss-MacBook-Pro.local)/Desktop/Econ%20Software/frontend/node_modules/@vitest/runner/dist/index.js:1205:15)\n    at runSuite (file:///Users/chrisskerritt/Dropbox/My%20Mac%20(chriss-MacBook-Pro.local)/Desktop/Econ%20Software/frontend/node_modules/@vitest/runner/dist/index.js:1205:15)\n    at runFiles (file:///Users/chrisskerritt/Dropbox/My%20Mac%20(chriss-MacBook-Pro.local)/Desktop/Econ%20Software/frontend/node_modules/@vitest/runner/dist/index.js:1262:5)"],"meta":{}},{"ancestorTitles":["Table Formatting"],"fullName":"Table Formatting formats totals correctly","status":"failed","title":"formats totals correctly","duration":1001.9853330000005,"failureMessages":["Error: Unable to find role=\"table\"\n\nIgnored nodes: comments, script, style\n\u001b[36m<body>\u001b[39m\n  \u001b[36m<div>\u001b[39m\n    \u001b[36m<div\u001b[39m\n      \u001b[33mclass\u001b[39m=\u001b[32m\"container mx-auto p-4 max-w-7xl\"\u001b[39m\n    \u001b[36m>\u001b[39m\n      \u001b[36m<div\u001b[39m\n        \u001b[33mclass\u001b[39m=\u001b[32m\"text-center p-8\"\u001b[39m\n      \u001b[36m>\u001b[39m\n        \u001b[36m<div\u001b[39m\n          \u001b[33mclass\u001b[39m=\u001b[32m\"text-red-600 mb-4\"\u001b[39m\n          \u001b[33mdata-testid\u001b[39m=\u001b[32m\"error-message\"\u001b[39m\n        \u001b[36m>\u001b[39m\n          \u001b[0mAn error occurred\u001b[0m\n        \u001b[36m</div>\u001b[39m\n        \u001b[36m<button\u001b[39m\n          \u001b[33mclass\u001b[39m=\u001b[32m\"bg-blue-500 text-white px-4 py-2 rounded hover:bg-blue-600\"\u001b[39m\n          \u001b[33mdata-testid\u001b[39m=\u001b[32m\"retry-button\"\u001b[39m\n        \u001b[36m>\u001b[39m\n          \u001b[0mRetry\u001b[0m\n        \u001b[36m</button>\u001b[39m\n      \u001b[36m</div>\u001b[39m\n    \u001b[36m</div>\u001b[39m\n  \u001b[36m</div>\u001b[39m\n\u001b[36m</body>\u001b[39m\n    at waitForWrapper (/Users/chrisskerritt/Dropbox/My Mac (chriss-MacBook-Pro.local)/Desktop/Econ Software/frontend/node_modules/@testing-library/react/node_modules/@testing-library/dom/dist/wait-for.js:163:27)\n    at /Users/chrisskerritt/Dropbox/My Mac (chriss-MacBook-Pro.local)/Desktop/Econ Software/frontend/node_modules/@testing-library/react/node_modules/@testing-library/dom/dist/query-helpers.js:86:33\n    at /Users/chrisskerritt/Dropbox/My Mac (chriss-MacBook-Pro.local)/Desktop/Econ Software/frontend/tests/TableFormatting.test.tsx:168:33\n    at file:///Users/chrisskerritt/Dropbox/My%20Mac%20(chriss-MacBook-Pro.local)/Desktop/Econ%20Software/frontend/node_modules/@vitest/runner/dist/index.js:146:14\n    at file:///Users/chrisskerritt/Dropbox/My%20Mac%20(chriss-MacBook-Pro.local)/Desktop/Econ%20Software/frontend/node_modules/@vitest/runner/dist/index.js:533:11\n    at runWithTimeout (file:///Users/chrisskerritt/Dropbox/My%20Mac%20(chriss-MacBook-Pro.local)/Desktop/Econ%20Software/frontend/node_modules/@vitest/runner/dist/index.js:39:7)\n    at runTest (file:///Users/chrisskerritt/Dropbox/My%20Mac%20(chriss-MacBook-Pro.local)/Desktop/Econ%20Software/frontend/node_modules/@vitest/runner/dist/index.js:1056:17)\n    at runSuite (file:///Users/chrisskerritt/Dropbox/My%20Mac%20(chriss-MacBook-Pro.local)/Desktop/Econ%20Software/frontend/node_modules/@vitest/runner/dist/index.js:1205:15)\n    at runSuite (file:///Users/chrisskerritt/Dropbox/My%20Mac%20(chriss-MacBook-Pro.local)/Desktop/Econ%20Software/frontend/node_modules/@vitest/runner/dist/index.js:1205:15)\n    at runFiles (file:///Users/chrisskerritt/Dropbox/My%20Mac%20(chriss-MacBook-Pro.local)/Desktop/Econ%20Software/frontend/node_modules/@vitest/runner/dist/index.js:1262:5)"],"meta":{}},{"ancestorTitles":["Table Formatting"],"fullName":"Table Formatting shows present value column when applicable","status":"failed","title":"shows present value column when applicable","duration":1001.5188340000004,"failureMessages":["Error: Unable to find role=\"table\"\n\nIgnored nodes: comments, script, style\n\u001b[36m<body>\u001b[39m\n  \u001b[36m<div>\u001b[39m\n    \u001b[36m<div\u001b[39m\n      \u001b[33mclass\u001b[39m=\u001b[32m\"container mx-auto p-4 max-w-7xl\"\u001b[39m\n    \u001b[36m>\u001b[39m\n      \u001b[36m<div\u001b[39m\n        \u001b[33mclass\u001b[39m=\u001b[32m\"text-center p-8\"\u001b[39m\n      \u001b[36m>\u001b[39m\n        \u001b[36m<div\u001b[39m\n          \u001b[33mclass\u001b[39m=\u001b[32m\"text-red-600 mb-4\"\u001b[39m\n          \u001b[33mdata-testid\u001b[39m=\u001b[32m\"error-message\"\u001b[39m\n        \u001b[36m>\u001b[39m\n          \u001b[0mAn error occurred\u001b[0m\n        \u001b[36m</div>\u001b[39m\n        \u001b[36m<button\u001b[39m\n          \u001b[33mclass\u001b[39m=\u001b[32m\"bg-blue-500 text-white px-4 py-2 rounded hover:bg-blue-600\"\u001b[39m\n          \u001b[33mdata-testid\u001b[39m=\u001b[32m\"retry-button\"\u001b[39m\n        \u001b[36m>\u001b[39m\n          \u001b[0mRetry\u001b[0m\n        \u001b[36m</button>\u001b[39m\n      \u001b[36m</div>\u001b[39m\n    \u001b[36m</div>\u001b[39m\n  \u001b[36m</div>\u001b[39m\n\u001b[36m</body>\u001b[39m\n    at waitForWrapper (/Users/chrisskerritt/Dropbox/My Mac (chriss-MacBook-Pro.local)/Desktop/Econ Software/frontend/node_modules/@testing-library/react/node_modules/@testing-library/dom/dist/wait-for.js:163:27)\n    at /Users/chrisskerritt/Dropbox/My Mac (chriss-MacBook-Pro.local)/Desktop/Econ Software/frontend/node_modules/@testing-library/react/node_modules/@testing-library/dom/dist/query-helpers.js:86:33\n    at /Users/chrisskerritt/Dropbox/My Mac (chriss-MacBook-Pro.local)/Desktop/Econ Software/frontend/tests/TableFormatting.test.tsx:200:32\n    at file:///Users/chrisskerritt/Dropbox/My%20Mac%20(chriss-MacBook-Pro.local)/Desktop/Econ%20Software/frontend/node_modules/@vitest/runner/dist/index.js:146:14\n    at file:///Users/chrisskerritt/Dropbox/My%20Mac%20(chriss-MacBook-Pro.local)/Desktop/Econ%20Software/frontend/node_modules/@vitest/runner/dist/index.js:533:11\n    at runWithTimeout (file:///Users/chrisskerritt/Dropbox/My%20Mac%20(chriss-MacBook-Pro.local)/Desktop/Econ%20Software/frontend/node_modules/@vitest/runner/dist/index.js:39:7)\n    at runTest (file:///Users/chrisskerritt/Dropbox/My%20Mac%20(chriss-MacBook-Pro.local)/Desktop/Econ%20Software/frontend/node_modules/@vitest/runner/dist/index.js:1056:17)\n    at runSuite (file:///Users/chrisskerritt/Dropbox/My%20Mac%20(chriss-MacBook-Pro.local)/Desktop/Econ%20Software/frontend/node_modules/@vitest/runner/dist/index.js:1205:15)\n    at runSuite (file:///Users/chrisskerritt/Dropbox/My%20Mac%20(chriss-MacBook-Pro.local)/Desktop/Econ%20Software/frontend/node_modules/@vitest/runner/dist/index.js:1205:15)\n    at runFiles (file:///Users/chrisskerritt/Dropbox/My%20Mac%20(chriss-MacBook-Pro.local)/Desktop/Econ%20Software/frontend/node_modules/@vitest/runner/dist/index.js:1262:5)"],"meta":{}}],"startTime":1735299541602,"endTime":1735299548636.5188,"status":"failed","message":"","name":"/Users/chrisskerritt/Dropbox/My Mac (chriss-MacBook-Pro.local)/Desktop/Econ Software/frontend/tests/TableFormatting.test.tsx"},{"assertionResults":[{"ancestorTitles":["config"],"fullName":"config should have a valid API_BASE_URL","status":"passed","title":"should have a valid API_BASE_URL","duration":0.43166700000000446,"failureMessages":[],"meta":{}}],"startTime":1735299547885,"endTime":1735299547885.4316,"status":"passed","message":"","name":"/Users/chrisskerritt/Dropbox/My Mac (chriss-MacBook-Pro.local)/Desktop/Econ Software/frontend/frontend/src/config.test.ts"},{"assertionResults":[{"ancestorTitles":["AEF Calculator"],"fullName":"AEF Calculator renders with default values","status":"passed","title":"renders with default values","duration":47.27591699999999,"failureMessages":[],"meta":{}},{"ancestorTitles":["AEF Calculator"],"fullName":"AEF Calculator handles input validation","status":"failed","title":"handles input validation","duration":58.12754200000006,"failureMessages":["AssertionError: expected [ <p role=\"alert\" …(2)></p> ] to have a length of 2 but got 1\n    at Proxy.<anonymous> (file:///Users/chrisskerritt/Dropbox/My%20Mac%20(chriss-MacBook-Pro.local)/Desktop/Econ%20Software/frontend/node_modules/@vitest/expect/dist/index.js:1339:22)\n    at Proxy.<anonymous> (file:///Users/chrisskerritt/Dropbox/My%20Mac%20(chriss-MacBook-Pro.local)/Desktop/Econ%20Software/frontend/node_modules/@vitest/expect/dist/index.js:972:17)\n    at Proxy.methodWrapper (file:///Users/chrisskerritt/Dropbox/My%20Mac%20(chriss-MacBook-Pro.local)/Desktop/Econ%20Software/frontend/node_modules/chai/chai.js:1610:25)\n    at /Users/chrisskerritt/Dropbox/My Mac (chriss-MacBook-Pro.local)/Desktop/Econ Software/frontend/frontend/tests/AEFCalculator.test.tsx:44:20\n    at file:///Users/chrisskerritt/Dropbox/My%20Mac%20(chriss-MacBook-Pro.local)/Desktop/Econ%20Software/frontend/node_modules/@vitest/runner/dist/index.js:533:5\n    at runTest (file:///Users/chrisskerritt/Dropbox/My%20Mac%20(chriss-MacBook-Pro.local)/Desktop/Econ%20Software/frontend/node_modules/@vitest/runner/dist/index.js:1056:11)\n    at runSuite (file:///Users/chrisskerritt/Dropbox/My%20Mac%20(chriss-MacBook-Pro.local)/Desktop/Econ%20Software/frontend/node_modules/@vitest/runner/dist/index.js:1205:15)\n    at runSuite (file:///Users/chrisskerritt/Dropbox/My%20Mac%20(chriss-MacBook-Pro.local)/Desktop/Econ%20Software/frontend/node_modules/@vitest/runner/dist/index.js:1205:15)\n    at runFiles (file:///Users/chrisskerritt/Dropbox/My%20Mac%20(chriss-MacBook-Pro.local)/Desktop/Econ%20Software/frontend/node_modules/@vitest/runner/dist/index.js:1262:5)\n    at startTests (file:///Users/chrisskerritt/Dropbox/My%20Mac%20(chriss-MacBook-Pro.local)/Desktop/Econ%20Software/frontend/node_modules/@vitest/runner/dist/index.js:1271:3)"],"meta":{}},{"ancestorTitles":["AEF Calculator"],"fullName":"AEF Calculator toggles personal consumption input","status":"failed","title":"toggles personal consumption input","duration":21.56791700000008,"failureMessages":["Error: expect(element).toBeVisible()\n\nReceived element is not visible (element is not in the document):\n  <input\n  aria-invalid=\"false\"\n  class=\"w-full p-2 border rounded\"\n  id=\"personalConsumption\"\n  name=\"personalConsumption\"\n  required=\"\"\n  step=\"0.1\"\n  type=\"number\"\n  value=\"30\"\n/>\n    at Proxy.expectWrapper (file:///Users/chrisskerritt/Dropbox/My%20Mac%20(chriss-MacBook-Pro.local)/Desktop/Econ%20Software/frontend/node_modules/@vitest/expect/dist/index.js:1996:19)\n    at Proxy.<anonymous> (file:///Users/chrisskerritt/Dropbox/My%20Mac%20(chriss-MacBook-Pro.local)/Desktop/Econ%20Software/frontend/node_modules/@vitest/expect/dist/index.js:972:17)\n    at Proxy.methodWrapper (file:///Users/chrisskerritt/Dropbox/My%20Mac%20(chriss-MacBook-Pro.local)/Desktop/Econ%20Software/frontend/node_modules/chai/chai.js:1610:25)\n    at /Users/chrisskerritt/Dropbox/My Mac (chriss-MacBook-Pro.local)/Desktop/Econ Software/frontend/frontend/tests/AEFCalculator.test.tsx:67:19\n    at file:///Users/chrisskerritt/Dropbox/My%20Mac%20(chriss-MacBook-Pro.local)/Desktop/Econ%20Software/frontend/node_modules/@vitest/runner/dist/index.js:533:5\n    at runTest (file:///Users/chrisskerritt/Dropbox/My%20Mac%20(chriss-MacBook-Pro.local)/Desktop/Econ%20Software/frontend/node_modules/@vitest/runner/dist/index.js:1056:11)\n    at runSuite (file:///Users/chrisskerritt/Dropbox/My%20Mac%20(chriss-MacBook-Pro.local)/Desktop/Econ%20Software/frontend/node_modules/@vitest/runner/dist/index.js:1205:15)\n    at runSuite (file:///Users/chrisskerritt/Dropbox/My%20Mac%20(chriss-MacBook-Pro.local)/Desktop/Econ%20Software/frontend/node_modules/@vitest/runner/dist/index.js:1205:15)\n    at runFiles (file:///Users/chri
[...]
u001b[33mclass\u001b[39m=\u001b[32m\"MuiFormControl-root MuiFormControl-fullWidth MuiTextField-root css-wb57ya-MuiFormControl-root-MuiTextField-root\"\u001b[39m\n                    \u001b[36m>\u001b[39m\n                      \u001b[36m<label\u001b[39m\n                        \u001b[33mclass\u001b[39m=\u001b[32m\"MuiFormLabel-root MuiInputLabel-root MuiInputLabel-formControl MuiInputLabel-animated MuiInputLabel-sizeMedium MuiInputLabel-outlined MuiFormLabel-colorPrimary Mui-required MuiInputLabel-root MuiInputLabel-formControl MuiInputLabel-animated MuiInputLabel-sizeMedium MuiInputLabel-outlined css-14s5rfu-MuiFormLabel-root-MuiInputLabel-root\"\u001b[39m\n                        \u001b[33mdata-shrink\u001b[39m=\u001b[32m\"false\"\u001b[39m\n                        \u001b[33mfor\u001b[39m=\u001b[32m\":rf:\"\u001b[39m\n                        \u001b[33mid\u001b[39m=\u001b[32m\":rf:-label\"\u001b[39m\n                      \u001b[36m>\u001b[39m\n                        \u001b[0mEvaluee\u001b[0m\n                        \u001b[36m<span\u001b[39m\n                          \u001b[33maria-hidden\u001b[39m=\u001b[32m\"true\"\u001b[39m\n                          \u001b[33mclass\u001b[39m=\u001b[32m\"MuiFormLabel-asterisk MuiInputLabel-asterisk css-wgai2y-MuiFormLabel-asterisk\"\u001b[39m\n                        \u001b[36m>\u001b[39m\n                          \u001b[0m \u001b[0m\n                          \u001b[0m*\u001b[0m\n                        \u001b[36m</span>\u001b[39m\n                      \u001b[36m</label>\u001b[39m\n                      \u001b[36m<div\u001b[39m\n                        \u001b[33mclass\u001b[39m=\u001b[32m\"MuiInputBase-root MuiOutlinedInput-root MuiInputBase-colorPrimary MuiInputBase-fullWidth MuiInputBase-formControl css-md26zr-MuiInputBase-root-MuiOutlinedInput-root\"\u001b[39m\n                      \u001b[36m>\u001b[39m\n                        \u001b[36m<div\u001b[39m\n                          \u001b[33maria-controls\u001b[39m=\u001b[32m\":rg:\"\u001b[39m\n                          \u001b[33maria-expanded\u001b[39m=\u001b[32m\"false\"\u001b[39m\n                          \u001b[33maria-haspopup\u001b[39m=\u001b[32m\"listbox\"\u001b[39m\n                          \u001b[33maria-labelledby\u001b[39m=\u001b[32m\":rf:-label :rf:\"\u001b[39m\n                          \u001b[33mclass\u001b[39m=\u001b[32m\"MuiSelect-select MuiSelect-outlined MuiInputBase-input MuiOutlinedInput-input css-11u53oe-MuiSelect-select-MuiInputBase-input-MuiOutlinedInput-input\"\u001b[39m\n                          \u001b[33mid\u001b[39m=\u001b[32m\":rf:\"\u001b[39m\n                          \u001b[33mrole\u001b[39m=\u001b[32m\"combobox\"\u001b[39m\n                          \u001b[33mtabindex\u001b[39m=\u001b[32m\"0\"\u001b[39m\n                        \u001b[36m>\u001b[39m\n                          \u001b[36m<span\u001b[39m\n                            \u001b[33mclass\u001b[39m=\u001b[32m\"notranslate\"\u001b[39m\n                          \u001b[36m>\u001b[39m\n                            \u001b[0m​\u001b[0m\n                          \u001b[36m</span>\u001b[39m\n                        \u001b[36m</div>\u001b[39m\n                        \u001b[36m<input\u001b[39m\n                          \u001b[33maria-hidden\u001b[39m=\u001b[32m\"true\"\u001b[39m\n                          \u001b[33maria-invalid\u001b[39m=\u001b[32m\"false\"\u001b[39m\n                          \u001b[33mclass\u001b[39m=\u001b[32m\"MuiSelect-nativeInput css-yf8vq0-MuiSelect-nativeInput\"\u001b[39m\n                          \u001b[33mdata-testid\u001b[39m=\u001b[32m\"evaluee-select\"\u001b[39m\n                          \u001b[33mname\u001b[39m=\u001b[32m\"evaluee\"\u001b[39m\n                          \u001b[33mrequired\u001b[39m=\u001b[32m\"\"\u001b[39m\n                          \u001b[33mtabindex\u001b[39m=\u001b[32m\"-1\"\u001b[39m\n                          \u001b[33mvalue\u001b[39m=\u001b[32m\"\"\u001b[39m\n                        \u001b[36m/>\u001b[39m\n                        \u001b[36m<svg\u001b[39m\n                          \u001b[33maria-hidden\u001b[39m=\u001b[32m\"true\"\u001b[39m\n                          \u001b[33mclass\u001b[39m=\u001b[32m\"MuiSvgIcon-root MuiSvgIcon-fontSizeMedium MuiSelect-icon MuiSelect-iconOutlined css-hfutr2-MuiSvgIcon-root-MuiSelect-icon\"\u001b[39m\n                          \u001b[33mdata-testid\u001b[39m=\u001b[32m\"ArrowDropDownIcon\"\u001b[39m\n                          \u001b[33mfocusable\u001b[39m=\u001b[32m\"false\"\u001b[39m\n                          \u001b[33mviewBox\u001b[39m=\u001b[32m\"0 0 24 24\"\u001b[39m\n                        \u001b[36m>\u001b[39m\n                          \u001b[36m<path\u001b[39m\n                            \u001b[33md\u001b[39m=\u001b[32m\"M7 10l5 5 5-5z\"\u001b[39m\n                          \u001b[36m/>\u001b[39m\n                        \u001b[36m</svg>\u001b[39m\n                        \u001b[36m<fieldset\u001b[39m\n                          \u001b[33maria-hidden\u001b[39m=\u001b[32m\"true\"\u001b[39m\n                          \u001b[33mclass\u001b[39m=\u001b[32m\"MuiOutlinedInput-notchedOutline css-1d3z3hw-MuiOutlinedInput-notchedOutline\"\u001b[39m\n                        \u001b[36m>\u001b[39m\n                          \u001b[36m<legend\u001b[39m\n                            \u001b[33mclass\u001b[39m=\u001b[32m\"css-yjsfm1\"\u001b[39m\n                          \u001b[36m>\u001b[39m\n                            \u001b[36m<span>\u001b[39m\n                              \u001b[0mEvaluee\u001b[0m\n                              \u001b[0m \u001b[0m\n                              \u001b[0m*\u001b[0m\n                            \u001b[36m</span>\u001b[39m\n                          \u001b[36m</legend>\u001b[39m\n                        \u001b[36m</fieldset>\u001b[39m\n                      \u001b[36m</div>\u001b[39m\n                    \u001b[36m</div>\u001b[39m\n                  \u001b[36m</div>\u001b[39m\n                  \u001b[36m<div\u001b[39m\n                    \u001b[33mclass\u001b[39m=\u001b[32m\"MuiGrid-root MuiGrid-item MuiGrid-grid-xs-12 MuiGrid-grid-sm-6 css-1b3l6lk-MuiGrid-root\"\u001b[39m\n                  \u001b[36m>\u001b[39m\n                    \u001b[36m<input\u001b[39m\n                      \u001b[33maria-label\u001b[39m=\u001b[32m\"Date of Injury\"\u001b[39m\n                      \u001b[33mtype\u001b[39m=\u001b[32m\"date\"\u001b[39m\n                      \u001b[33mvalue\u001b[39m=\u001b[32m\"\"\u001b[39m\n                    \u001b[36m/>\u001b[39m\n                  \u001b[36m</div>\u001b[39m\n                  \u001b[36m<div\u001b[39m\n                    \u001b[33mclass\u001b[39m=\u001b[32m\"MuiGrid-root MuiGrid-item MuiGrid-grid-xs-12 MuiGrid-grid-sm-6 css-1b3l6lk-MuiGrid-root\"\u001b[39m\n                  \u001b[36m>\u001b[39m\n                    \u001b[36m<input\u001b[39m\n                      \u001b[33maria-label\u001b[39m=\u001b[32m\"Date of Report\"\u001b[39m\n                      \u001b[33mtype\u001b[39m=\u001b[32m\"date\"\u001b[39m\n                      \u001b[33mvalue\u001b[39m=\u001b[32m\"\"\u001b[39m\n                    \u001b[36m/>\u001b...\n    at Proxy.expectWrapper (file:///Users/chrisskerritt/Dropbox/My%20Mac%20(chriss-MacBook-Pro.local)/Desktop/Econ%20Software/frontend/node_modules/@vitest/expect/dist/index.js:1996:19)\n    at Proxy.<anonymous> (file:///Users/chrisskerritt/Dropbox/My%20Mac%20(chriss-MacBook-Pro.local)/Desktop/Econ%20Software/frontend/node_modules/@vitest/expect/dist/index.js:972:17)\n    at Proxy.methodWrapper (file:///Users/chrisskerritt/Dropbox/My%20Mac%20(chriss-MacBook-Pro.local)/Desktop/Econ%20Software/frontend/node_modules/chai/chai.js:1610:25)\n    at /Users/chrisskerritt/Dropbox/My Mac (chriss-MacBook-Pro.local)/Desktop/Econ Software/frontend/frontend/src/pages/__tests__/NewAnalysis.test.tsx:104:29\n    at runWithExpensiveErrorDiagnosticsDisabled (/Users/chrisskerritt/Dropbox/My Mac (chriss-MacBook-Pro.local)/Desktop/Econ Software/frontend/node_modules/@testing-library/react/node_modules/@testing-library/dom/dist/config.js:47:12)\n    at checkCallback (/Users/chrisskerritt/Dropbox/My Mac (chriss-MacBook-Pro.local)/Desktop/Econ Software/frontend/node_modules/@testing-library/react/node_modules/@testing-library/dom/dist/wait-for.js:124:77)\n    at Timeout.checkRealTimersCallback (/Users/chrisskerritt/Dropbox/My Mac (chriss-MacBook-Pro.local)/Desktop/Econ Software/frontend/node_modules/@testing-library/react/node_modules/@testing-library/dom/dist/wait-for.js:118:16)\n    at listOnTimeout (node:internal/timers:614:17)\n    at processTimers (node:internal/timers:549:7)"],"meta":{}},{"ancestorTitles":["NewAnalysis"],"fullName":"NewAnalysis successfully submits form with valid data","status":"failed","title":"successfully submits form with valid data","duration":1033.120041,"failureMessages":["Error: Unable to find role=\"option\" and name `/john doe/i`\n\nIgnored nodes: comments, script, style\n\u001b[36m<body>\u001b[39m\n  \u001b[36m<div>\u001b[39m\n    \u001b[36m<div\u001b[39m\n      \u001b[33mclass\u001b[39m=\u001b[32m\"MuiContainer-root MuiContainer-maxWidthMd css-xdmu94-MuiContainer-root\"\u001b[39m\n    \u001b[36m>\u001b[39m\n      \u001b[36m<div\u001b[39m\n        \u001b[33mclass\u001b[39m=\u001b[32m\"MuiBox-root css-h5fkc8\"\u001b[39m\n      \u001b[36m>\u001b[39m\n        \u001b[36m<h4\u001b[39m\n          \u001b[33mclass\u001b[39m=\u001b[32m\"MuiTypography-root MuiTypography-h4 MuiTypography-gutterBottom css-1vw6mcs-MuiTypography-root\"\u001b[39m\n        \u001b[36m>\u001b[39m\n          \u001b[0mNew Analysis\u001b[0m\n        \u001b[36m</h4>\u001b[39m\n        \u001b[36m<div\u001b[39m\n          \u001b[33mclass\u001b[39m=\u001b[32m\"MuiPaper-root MuiPaper-elevation MuiPaper-rounded MuiPaper-elevation1 css-1ps6pg7-MuiPaper-root\"\u001b[39m\n        \u001b[36m>\u001b[39m\n          \u001b[36m<div\u001b[39m\n            \u001b[33mclass\u001b[39m=\u001b[32m\"MuiBox-root css-19kzrtu\"\u001b[39m\n          \u001b[36m>\u001b[39m\n            \u001b[36m<form>\u001b[39m\n              \u001b[36m<div\u001b[39m\n                \u001b[33mclass\u001b[39m=\u001b[32m\"MuiGrid-root MuiGrid-container MuiGrid-spacing-xs-3 css-zow5z4-MuiGrid-root\"\u001b[39m\n              \u001b[36m>\u001b[39m\n                \u001b[36m<div\u001b[39m\n                  \u001b[33mclass\u001b[39m=\u001b[32m\"MuiGrid-root MuiGrid-item MuiGrid-grid-xs-12 css-1idn90j-MuiGrid-root\"\u001b[39m\n                \u001b[36m>\u001b[39m\n                  \u001b[36m<div\u001b[39m\n                    \u001b[33mclass\u001b[39m=\u001b[32m\"MuiFormControl-root MuiFormControl-fullWidth MuiTextField-root css-wb57ya-MuiFormControl-root-MuiTextField-root\"\u001b[39m\n                  \u001b[36m>\u001b[39m\n                    \u001b[36m<label\u001b[39m\n                      \u001b[33mclass\u001b[39m=\u001b[32m\"MuiFormLabel-root MuiInputLabel-root MuiInputLabel-formControl MuiInputLabel-animated MuiInputLabel-sizeMedium MuiInputLabel-outlined MuiFormLabel-colorPrimary Mui-required MuiInputLabel-root MuiInputLabel-formControl MuiInputLabel-animated MuiInputLabel-sizeMedium MuiInputLabel-outlined css-14s5rfu-MuiFormLabel-root-MuiInputLabel-root\"\u001b[39m\n                      \u001b[33mdata-shrink\u001b[39m=\u001b[32m\"false\"\u001b[39m\n                      \u001b[33mfor\u001b[39m=\u001b[32m\":ru:\"\u001b[39m\n                      \u001b[33mid\u001b[39m=\u001b[32m\":ru:-label\"\u001b[39m\n                    \u001b[36m>\u001b[39m\n                      \u001b[0mEvaluee\u001b[0m\n                      \u001b[36m<span\u001b[39m\n                        \u001b[33maria-hidden\u001b[39m=\u001b[32m\"true\"\u001b[39m\n                        \u001b[33mclass\u001b[39m=\u001b[32m\"MuiFormLabel-asterisk MuiInputLabel-asterisk css-wgai2y-MuiFormLabel-asterisk\"\u001b[39m\n                      \u001b[36m>\u001b[39m\n                        \u001b[0m \u001b[0m\n                        \u001b[0m*\u001b[0m\n                      \u001b[36m</span>\u001b[39m\n                    \u001b[36m</label>\u001b[39m\n                    \u001b[36m<div\u001b[39m\n                      \u001b[33mclass\u001b[39m=\u001b[32m\"MuiInputBase-root MuiOutlinedInput-root MuiInputBase-colorPrimary MuiInputBase-fullWidth MuiInputBase-formControl css-md26zr-MuiInputBase-root-MuiOutlinedInput-root\"\u001b[39m\n                    \u001b[36m>\u001b[39m\n                      \u001b[36m<div\u001b[39m\n                        \u001b[33maria-controls\u001b[39m=\u001b[32m\":rv:\"\u001b[39m\n                        \u001b[33maria-expanded\u001b[39m=\u001b[32m\"false\"\u001b[39m\n                        \u001b[33maria-haspopup\u001b[39m=\u001b[32m\"listbox\"\u001b[39m\n                        \u001b[33maria-labelledby\u001b[39m=\u001b[32m\":ru:-label :ru:\"\u001b[39m\n                        \u001b[33mclass\u001b[39m=\u001b[32m\"MuiSelect-select MuiSelect-outlined MuiInputBase-input MuiOutlinedInput-input css-11u53oe-MuiSelect-select-MuiInputBase-input-MuiOutlinedInput-input\"\u001b[39m\n                        \u001b[33mid\u001b[39m=\u001b[32m\":ru:\"\u001b[39m\n                        \u001b[33mrole\u001b[39m=\u001b[32m\"combobox\"\u001b[39m\n                        \u001b[33mtabindex\u001b[39m=\u001b[32m\"0\"\u001b[39m\n                      \u001b[36m>\u001b[39m\n                        \u001b[36m<span\u001b[39m\n                          \u001b[33mclass\u001b[39m=\u001b[32m\"notranslate\"\u001b[39m\n                        \u001b[36m>\u001b[39m\n                          \u001b[0m​\u001b[0m\n                        \u001b[36m</span>\u001b[39m\n                      \u001b[36m</div>\u001b[39m\n                      \u001b[36m<input\u001b[39m\n                        \u001b[33maria-hidden\u001b[39m=\u001b[32m\"true\"\u001b[39m\n                        \u001b[33maria-invalid\u001b[39m=\u001b[32m\"false\"\u001b[39m\n                        \u001b[33mclass\u001b[39m=\u001b[32m\"MuiSelect-nativeInput css-yf8vq0-MuiSelect-nativeInput\"\u001b[39m\n                        \u001b[33mdata-testid\u001b[39m=\u001b[32m\"evaluee-select\"\u001b[39m\n                        \u001b[33mname\u001b[39m=\u001b[32m\"evaluee\"\u001b[39m\n                        \u001b[33mrequired\u001b[39m=\u001b[32m\"\"\u001b[39m\n                        \u001b[33mtabindex\u001b[39m=\u001b[32m\"-1\"\u001b[39m\n                        \u001b[33mvalue\u001b[39m=\u001b[32m\"\"\u001b[39m\n                      \u001b[36m/>\u001b[39m\n                      \u001b[36m<svg\u001b[39m\n                        \u001b[33maria-hidden\u001b[39m=\u001b[32m\"true\"\u001b[39m\n                        \u001b[33mclass\u001b[39m=\u001b[32m\"MuiSvgIcon-root MuiSvgIcon-fontSizeMedium MuiSelect-icon MuiSelect-iconOutlined css-hfutr2-MuiSvgIcon-root-MuiSelect-icon\"\u001b[39m\n                        \u001b[33mdata-testid\u001b[39m=\u001b[32m\"ArrowDropDownIcon\"\u001b[39m\n                        \u001b[33mfocusable\u001b[39m=\u001b[32m\"false\"\u001b[39m\n                        \u001b[33mviewBox\u001b[39m=\u001b[32m\"0 0 24 24\"\u001b[39m\n                      \u001b[36m>\u001b[39m\n                        \u001b[36m<path\u001b[39m\n                          \u001b[33md\u001b[39m=\u001b[32m\"M7 10l5 5 5-5z\"\u001b[39m\n                        \u001b[36m/>\u001b[39m\n                      \u001b[36m</svg>\u001b[39m\n                      \u001b[36m<fieldset\u001b[39m\n                        \u001b[33maria-hidden\u001b[39m=\u001b[32m\"true\"\u001b[39m\n                        \u001b[33mclass\u001b[39m=\u001b[32m\"MuiOutlinedInput-notchedOutline css-1d3z3hw-MuiOutlinedInput-notchedOutline\"\u001b[39m\n                      \u001b[36m>\u001b[39m\n                        \u001b[36m<legend\u001b[39m\n                          \u001b[33mclass\u001b[39m=\u001b[32m\"css-yjsfm1\"\u001b[39m\n                        \u001b[36m>\u001b[39m\n                          \u001b[36m<span>\u001b[39m\n                            \u001b[0mEvaluee\u001b[0m\n                            \u001b[0m \u001b[0m\n                            \u001b[0m*\u001b[0m\n                          \u001b[36m</span>\u001b[39m\n                        \u001b[36m</legend>\u001b[39m\n                      \u001b[36m</fieldset>\u001b[39m\n                    \u001b[36m</div>\u001b[39m\n                  \u001b[36m</div>\u001b[39m\n                \u001b[36m</div>\u001b[39m\n                \u001b[36m<div\u001b[39m\n                  \u001b[33mclass\u001b[39m=\u001b[32m\"MuiGrid-root MuiGrid-item MuiGrid-grid-xs-12 MuiGrid-grid-sm-6 css-1b3l6lk-MuiGrid-root\"\u001b[39m\n                \u001b[36m>\u001b[39m\n                  \u001b[36m<input\u001b[39m\n                    \u001b[33maria-label\u001b[39m=\u001b[32m\"Date of Injury\"\u001b[39m\n                    \u001b[33mtype\u001b[39m=\u001b[32m\"date\"\u001b[39m\n                    \u001b[33mvalue\u001b[39m=\u001b[32m\"\"\u001b[39m\n                  \u001b[36m/>\u001b[39m\n                \u001b[36m</div>\u001b[39m\n                \u001b[36m<div\u001b[39m\n                  \u001b[33mclass\u001b[39m=\u001b[32m\"MuiGrid-root MuiGrid-item MuiGrid-grid-xs-12 MuiGrid-grid-sm-6 css-1b3l6lk-MuiGrid-root\"\u001b[39m\n                \u001b[36m>\u001b[39m\n                  \u001b[36m<input\u001b[39m\n                    \u001b[33maria-label\u001b[39m=\u001b[32m\"Date of Report\"\u001b[39m\n                    \u001b[33mtype\u001b[39m=\u001b[32m\"date\"\u001b[39m\n                    \u001b[33mvalue\u001b[39m=\u001b[32m\"\"\u001b[39m\n                  \u001b[36m/>\u001b[39m\n                \u001b[36m</div>\u001b[39m\n                \u001b[36m<div\u001b[39m\n                  \u001b[33mclass\u001b[39m=\u001b[32m\"MuiGrid-root MuiGrid-item MuiGrid-grid-xs-12 MuiGrid-grid-sm-4 css-wg4xta-MuiGrid-root\"\u001b[39m\n                \u001b[36m>\u001b[39m\n                  \u001b[36m<div\u001b[39m\n           ...\n    at Proxy.waitForWrapper (/Users/chrisskerritt/Dropbox/My Mac (chriss-MacBook-Pro.local)/Desktop/Econ Software/frontend/node_modules/@testing-library/react/node_modules/@testing-library/dom/dist/wait-for.js:163:27)\n    at /Users/chrisskerritt/Dropbox/My Mac (chriss-MacBook-Pro.local)/Desktop/Econ Software/frontend/frontend/src/pages/__tests__/NewAnalysis.test.tsx:125:26\n    at file:///Users/chrisskerritt/Dropbox/My%20Mac%20(chriss-MacBook-Pro.local)/Desktop/Econ%20Software/frontend/node_modules/@vitest/runner/dist/index.js:533:5\n    at runTest (file:///Users/chrisskerritt/Dropbox/My%20Mac%20(chriss-MacBook-Pro.local)/Desktop/Econ%20Software/frontend/node_modules/@vitest/runner/dist/index.js:1056:11)\n    at runSuite (file:///Users/chrisskerritt/Dropbox/My%20Mac%20(chriss-MacBook-Pro.local)/Desktop/Econ%20Software/frontend/node_modules/@vitest/runner/dist/index.js:1205:15)\n    at runSuite (file:///Users/chrisskerritt/Dropbox/My%20Mac%20(chriss-MacBook-Pro.local)/Desktop/Econ%20Software/frontend/node_modules/@vitest/runner/dist/index.js:1205:15)\n    at runFiles (file:///Users/chrisskerritt/Dropbox/My%20Mac%20(chriss-MacBook-Pro.local)/Desktop/Econ%20Software/frontend/node_modules/@vitest/runner/dist/index.js:1262:5)\n    at startTests (file:///Users/chrisskerritt/Dropbox/My%20Mac%20(chriss-MacBook-Pro.local)/Desktop/Econ%20Software/frontend/node_modules/@vitest/runner/dist/index.js:1271:3)\n    at file:///Users/chrisskerritt/Dropbox/My%20Mac%20(chriss-MacBook-Pro.local)/Desktop/Econ%20Software/frontend/node_modules/vitest/dist/chunks/runBaseTests.3qpJUEJM.js:126:11\n    at withEnv (file:///Users/chrisskerritt/Dropbox/My%20Mac%20(chriss-MacBook-Pro.local)/Desktop/Econ%20Software/frontend/node_modules/vitest/dist/chunks/runBaseTests.3qpJUEJM.js:90:5)"],"meta":{}}],"startTime":1735299543113,"endTime":1735299545279.12,"status":"failed","message":"","name":"/Users/chrisskerritt/Dropbox/My Mac (chriss-MacBook-Pro.local)/Desktop/Econ Software/frontend/frontend/src/pages/__tests__/NewAnalysis.test.tsx"}]}