{"numTotalTestSuites":4,"numPassedTestSuites":0,"numFailedTestSuites":4,"numPendingTestSuites":0,"numTotalTests":9,"numPassedTests":2,"numFailedTests":7,"numPendingTests":0,"numTodoTests":0,"snapshot":{"added":0,"failure":false,"filesAdded":0,"filesRemoved":0,"filesRemovedList":[],"filesUnmatched":0,"filesUpdated":0,"matched":0,"total":0,"unchecked":0,"uncheckedKeysByFile":[],"unmatched":0,"updated":0,"didUpdate":false},"startTime":1735225823653,"success":false,"testResults":[{"assertionResults":[{"ancestorTitles":["Analysis Results - Error Handling and Downloads","Error Handling"],"fullName":"Analysis Results - Error Handling and Downloads Error Handling handles 404 error","status":"passed","title":"handles 404 error","duration":19.422708000000057,"failureMessages":[],"meta":{}},{"ancestorTitles":["Analysis Results - Error Handling and Downloads","Error Handling"],"fullName":"Analysis Results - Error Handling and Downloads Error Handling handles server error","status":"passed","title":"handles server error","duration":4.736208000000033,"failureMessages":[],"meta":{}},{"ancestorTitles":["Analysis Results - Error Handling and Downloads","Error Handling"],"fullName":"Analysis Results - Error Handling and Downloads Error Handling handles network error","status":"failed","title":"handles network error","duration":1009.1710840000001,"failureMessages":["Error: expect(element).toHaveTextContent()\n\nExpected element to have text content:\n  Error loading analysis results\nReceived:\n  Network error\n\nIgnored nodes: comments, script, style\n\u001b[36m<html>\u001b[39m\n  \u001b[36m<head />\u001b[39m\n  \u001b[36m<body>\u001b[39m\n    \u001b[36m<div>\u001b[39m\n      \u001b[36m<div\u001b[39m\n        \u001b[33mclass\u001b[39m=\u001b[32m\"container mx-auto p-4 max-w-7xl\"\u001b[39m\n      \u001b[36m>\u001b[39m\n        \u001b[36m<div\u001b[39m\n          \u001b[33mclass\u001b[39m=\u001b[32m\"text-center p-8\"\u001b[39m\n        \u001b[36m>\u001b[39m\n          \u001b[36m<div\u001b[39m\n            \u001b[33mclass\u001b[39m=\u001b[32m\"text-red-600 mb-4\"\u001b[39m\n            \u001b[33mdata-testid\u001b[39m=\u001b[32m\"error-message\"\u001b[39m\n          \u001b[36m>\u001b[39m\n            \u001b[0mNetwork error\u001b[0m\n          \u001b[36m</div>\u001b[39m\n          \u001b[36m<button\u001b[39m\n            \u001b[33mclass\u001b[39m=\u001b[32m\"bg-blue-500 text-white px-4 py-2 rounded hover:bg-blue-600\"\u001b[39m\n            \u001b[33mdata-testid\u001b[39m=\u001b[32m\"retry-button\"\u001b[39m\n          \u001b[36m>\u001b[39m\n            \u001b[0mRetry\u001b[0m\n          \u001b[36m</button>\u001b[39m\n        \u001b[36m</div>\u001b[39m\n      \u001b[36m</div>\u001b[39m\n    \u001b[36m</div>\u001b[39m\n  \u001b[36m</body>\u001b[39m\n\u001b[36m</html>\u001b[39m\n    at Proxy.expectWrapper (file:///Users/chrisskerritt/Dropbox/My%20Mac%20(chriss-MacBook-Pro.local)/Desktop/Econ%20Software/frontend/node_modules/@vitest/expect/dist/index.js:1996:19)\n    at Proxy.<anonymous> (file:///Users/chrisskerritt/Dropbox/My%20Mac%20(chriss-MacBook-Pro.local)/Desktop/Econ%20Software/frontend/node_modules/@vitest/expect/dist/index.js:972:17)\n    at Proxy.methodWrapper (file:///Users/chrisskerritt/Dropbox/My%20Mac%20(chriss-MacBook-Pro.local)/Desktop/Econ%20Software/frontend/node_modules/chai/chai.js:1610:25)\n    at /Users/chrisskerritt/Dropbox/My Mac (chriss-MacBook-Pro.local)/Desktop/Econ Software/frontend/src/__tests__/AnalysisResults/errorHandling.test.tsx:68:53\n    at runWithExpensiveErrorDiagnosticsDisabled (/Users/chrisskerritt/Dropbox/My Mac (chriss-MacBook-Pro.local)/Desktop/Econ Software/frontend/node_modules/@testing-library/react/node_modules/@testing-library/dom/dist/config.js:47:12)\n    at checkCallback (/Users/chrisskerritt/Dropbox/My Mac (chriss-MacBook-Pro.local)/Desktop/Econ Software/frontend/node_modules/@testing-library/react/node_modules/@testing-library/dom/dist/wait-for.js:124:77)\n    at Timeout.checkRealTimersCallback (/Users/chrisskerritt/Dropbox/My Mac (chriss-MacBook-Pro.local)/Desktop/Econ Software/frontend/node_modules/@testing-library/react/node_modules/@testing-library/dom/dist/wait-for.js:118:16)\n    at listOnTimeout (node:internal/timers:614:17)\n    at processTimers (node:internal/timers:549:7)"],"meta":{}},{"ancestorTitles":["Analysis Results - Error Handling and Downloads","Error Handling"],"fullName":"Analysis Results - Error Handling and Downloads Error Handling provides retry functionality","status":"failed","title":"provides retry functionality","duration":1004.6267090000001,"failureMessages":["Error: expect(element).toHaveTextContent()\n\nExpected element to have text content:\n  Error loading analysis results\nReceived:\n  Network error\n\nIgnored nodes: comments, script, style\n\u001b[36m<html>\u001b[39m\n  \u001b[36m<head />\u001b[39m\n  \u001b[36m<body>\u001b[39m\n    \u001b[36m<div>\u001b[39m\n      \u001b[36m<div\u001b[39m\n        \u001b[33mclass\u001b[39m=\u001b[32m\"container mx-auto p-4 max-w-7xl\"\u001b[39m\n      \u001b[36m>\u001b[39m\n        \u001b[36m<div\u001b[39m\n          \u001b[33mclass\u001b[39m=\u001b[32m\"text-center p-8\"\u001b[39m\n        \u001b[36m>\u001b[39m\n          \u001b[36m<div\u001b[39m\n            \u001b[33mclass\u001b[39m=\u001b[32m\"text-red-600 mb-4\"\u001b[39m\n            \u001b[33mdata-testid\u001b[39m=\u001b[32m\"error-message\"\u001b[39m\n          \u001b[36m>\u001b[39m\n            \u001b[0mNetwork error\u001b[0m\n          \u001b[36m</div>\u001b[39m\n          \u001b[36m<button\u001b[39m\n            \u001b[33mclass\u001b[39m=\u001b[32m\"bg-blue-500 text-white px-4 py-2 rounded hover:bg-blue-600\"\u001b[39m\n            \u001b[33mdata-testid\u001b[39m=\u001b[32m\"retry-button\"\u001b[39m\n          \u001b[36m>\u001b[39m\n            \u001b[0mRetry\u001b[0m\n          \u001b[36m</button>\u001b[39m\n        \u001b[36m</div>\u001b[39m\n      \u001b[36m</div>\u001b[39m\n    \u001b[36m</div>\u001b[39m\n  \u001b[36m</body>\u001b[39m\n\u001b[36m</html>\u001b[39m\n    at Proxy.expectWrapper (file:///Users/chrisskerritt/Dropbox/My%20Mac%20(chriss-MacBook-Pro.local)/Desktop/Econ%20Software/frontend/node_modules/@vitest/expect/dist/index.js:1996:19)\n    at Proxy.<anonymous> (file:///Users/chrisskerritt/Dropbox/My%20Mac%20(chriss-MacBook-Pro.local)/Desktop/Econ%20Software/frontend/node_modules/@vitest/expect/dist/index.js:972:17)\n    at Proxy.methodWrapper (file:///Users/chrisskerritt/Dropbox/My%20Mac%20(chriss-MacBook-Pro.local)/Desktop/Econ%20Software/frontend/node_modules/chai/chai.js:1610:25)\n    at /Users/chrisskerritt/Dropbox/My Mac (chriss-MacBook-Pro.local)/Desktop/Econ Software/frontend/src/__tests__/AnalysisResults/errorHandling.test.tsx:82:53\n    at runWithExpensiveErrorDiagnosticsDisabled (/Users/chrisskerritt/Dropbox/My Mac (chriss-MacBook-Pro.local)/Desktop/Econ Software/frontend/node_modules/@testing-library/react/node_modules/@testing-library/dom/dist/config.js:47:12)\n    at checkCallback (/Users/chrisskerritt/Dropbox/My Mac (chriss-MacBook-Pro.local)/Desktop/Econ Software/frontend/node_modules/@testing-library/react/node_modules/@testing-library/dom/dist/wait-for.js:124:77)\n    at Timeout.checkRealTimersCallback (/Users/chrisskerritt/Dropbox/My Mac (chriss-MacBook-Pro.local)/Desktop/Econ Software/frontend/node_modules/@testing-library/react/node_modules/@testing-library/dom/dist/wait-for.js:118:16)\n    at listOnTimeout (node:internal/timers:614:17)\n    at processTimers (node:internal/timers:549:7)"],"meta":{}},{"ancestorTitles":["Analysis Results - Error Handling and Downloads","Error Handling"],"fullName":"Analysis Results - Error Handling and Downloads Error Handling shows error boundary for rendering errors","status":"failed","title":"shows error boundary for rendering errors","duration":1005.8595420000001,"failureMessages":["Error: Unable to find an element by: [data-testid=\"error-boundary\"]\n\nIgnored nodes: comments, script, style\n\u001b[36m<body>\u001b[39m\n  \u001b[36m<div />\u001b[39m\n\u001b[36m</body>\u001b[39m\n    at Proxy.waitForWrapper (/Users/chrisskerritt/Dropbox/My Mac (chriss-MacBook-Pro.local)/Desktop/Econ Software/frontend/node_modules/@testing-library/react/node_modules/@testing-library/dom/dist/wait-for.js:163:27)\n    at /Users/chrisskerritt/Dropbox/My Mac (chriss-MacBook-Pro.local)/Desktop/Econ Software/frontend/src/__tests__/AnalysisResults/errorHandling.test.tsx:107:13\n    at file:///Users/chrisskerritt/Dropbox/My%20Mac%20(chriss-MacBook-Pro.local)/Desktop/Econ%20Software/frontend/node_modules/@vitest/runner/dist/index.js:146:14\n    at file:///Users/chrisskerritt/Dropbox/My%20Mac%20(chriss-MacBook-Pro.local)/Desktop/Econ%20Software/frontend/node_modules/@vitest/runner/dist/index.js:533:11\n    at runWithTimeout (file:///Users/chrisskerritt/Dropbox/My%20Mac%20(chriss-MacBook-Pro.local)/Desktop/Econ%20Software/frontend/node_modules/@vitest/runner/dist/index.js:39:7)\n    at runTest (file:///Users/chrisskerritt/Dropbox/My%20Mac%20(chriss-MacBook-Pro.local)/Desktop/Econ%20Software/frontend/node_modules/@vitest/runner/dist/index.js:1056:17)\n    at runSuite (file:///Users/chrisskerritt/Dropbox/My%20Mac%20(chriss-MacBook-Pro.local)/Desktop/Econ%20Software/frontend/node_modules/@vitest/runner/dist/index.js:1205:15)\n    at runSuite (file:///Users/chrisskerritt/Dropbox/My%20Mac%20(chriss-MacBook-Pro.local)/Desktop/Econ%20Software/frontend/node_modules/@vitest/runner/dist/index.js:1205:15)\n    at runSuite (file:///Users/chrisskerritt/Dropbox/My%20Mac%20(chriss-MacBook-Pro.local)/Desktop/Econ%20Software/frontend/node_modules/@vitest/runner/dist/index.js:1205:15)\n    at runFiles (file:///Users/chrisskerritt/Dropbox/My%20Mac%20(chriss-MacBook-Pro.local)/Desktop/Econ%20Software/frontend/node_modules/@vitest/runner/dist/index.js:1262:5)"],"meta":{}},{"ancestorTitles":["Analysis Results - Error Handling and Downloads","Download Functionality"],"fullName":"Analysis Results - Error Handling and Downloads Download Functionality handles successful downloads","status":"failed","title":"handles successful downloads","duration":1003.5009170000003,"failureMessages":["Error: Unable to find an element by: [data-testid=\"download-excel\"]\n\nIgnored nodes: comments, script, style\n\u001b[36m<body>\u001b[39m\n  \u001b[36m<div />\u001b[39m\n\u001b[36m</body>\u001b[39m\n    at Proxy.waitForWrapper (/Users/chrisskerritt/Dropbox/My Mac (chriss-MacBook-Pro.local)/Desktop/Econ Software/frontend/node_modules/@testing-library/react/node_modules/@testing-library/dom/dist/wait-for.js:163:27)\n    at /Users/chrisskerritt/Dropbox/My Mac (chriss-MacBook-Pro.local)/Desktop/Econ Software/frontend/src/__tests__/AnalysisResults/errorHandling.test.tsx:122:13\n    at file:///Users/chrisskerritt/Dropbox/My%20Mac%20(chriss-MacBook-Pro.local)/Desktop/Econ%20Software/frontend/node_modules/@vitest/runner/dist/index.js:146:14\n    at file:///Users/chrisskerritt/Dropbox/My%20Mac%20(chriss-MacBook-Pro.local)/Desktop/Econ%20Software/frontend/node_modules/@vitest/runner/dist/index.js:533:11\n    at runWithTimeout (file:///Users/chrisskerritt/Dropbox/My%20Mac%20(chriss-MacBook-Pro.local)/Desktop/Econ%20Software/frontend/node_modules/@vitest/runner/dist/index.js:39:7)\n    at runTest (file:///Users/chrisskerritt/Dropbox/My%20Mac%20(chriss-MacBook-Pro.local)/Desktop/Econ%20Software/frontend/node_modules/@vitest/runner/dist/index.js:1056:17)\n    at runSuite (file:///Users/chrisskerritt/Dropbox/My%20Mac%20(chriss-MacBook-Pro.local)/Desktop/Econ%20Software/frontend/node_modules/@vitest/runner/dist/index.js:1205:15)\n    at runSuite (file:///Users/chrisskerritt/Dropbox/My%20Mac%20(chriss-MacBook-Pro.local)/Desktop/Econ%20Software/frontend/node_modules/@vitest/runner/dist/index.js:1205:15)\n    at runSuite (file:///Users/chrisskerritt/Dropbox/My%20Mac%20(chriss-MacBook-Pro.local)/Desktop/Econ%20Software/frontend/node_modules/@vitest/runner/dist/index.js:1205:15)\n    at runFiles (file:///Users/chrisskerritt/Dropbox/My%20Mac%20(chriss-MacBook-Pro.local)/Desktop/Econ%20Software/frontend/node_modules/@vitest/runner/dist/index.js:1262:5)"],"meta":{}},{"ancestorTitles":["Analysis Results - Error Handling and Downloads","Download Functionality"],"fullName":"Analysis Results - Error Handling and Downloads Download Functionality handles download errors","status":"failed","title":"handles download errors","duration":1002.2275,"failureMessages":["Error: Unable to find an element by: [data-testid=\"download-excel\"]\n\nIgnored nodes: comments, script, style\n\u001b[36m<body>\u001b[39m\n  \u001b[36m<div />\u001b[39m\n\u001b[36m</body>\u001b[39m\n    at Proxy.waitForWrapper (/Users/chrisskerritt/Dropbox/My Mac (chriss-MacBook-Pro.local)/Desktop/Econ Software/frontend/node_modules/@testing-library/react/node_modules/@testing-library/dom/dist/wait-for.js:163:27)\n    at /Users/chrisskerritt/Dropbox/My Mac (chriss-MacBook-Pro.local)/Desktop/Econ Software/frontend/src/__tests__/AnalysisResults/errorHandling.test.tsx:143:13\n    at file:///Users/chrisskerritt/Dropbox/My%20Mac%20(chriss-MacBook-Pro.local)/Desktop/Econ%20Software/frontend/node_modules/@vitest/runner/dist/index.js:146:14\n    at file:///Users/chrisskerritt/Dropbox/My%20Mac%20(chriss-MacBook-Pro.local)/Desktop/Econ%20Software/frontend/node_modules/@vitest/runner/dist/index.js:533:11\n    at runWithTimeout (file:///Users/chrisskerritt/Dropbox/My%20Mac%20(chriss-MacBook-Pro.local)/Desktop/Econ%20Software/frontend/node_modules/@vitest/runner/dist/index.js:39:7)\n    at runTest (file:///Users/chrisskerritt/Dropbox/My%20Mac%20(chriss-MacBook-Pro.local)/Desktop/Econ%20Software/frontend/node_modules/@vitest/runner/dist/index.js:1056:17)\n    at runSuite (file:///Users/chrisskerritt/Dropbox/My%20Mac%20(chriss-MacBook-Pro.local)/Desktop/Econ%20Software/frontend/node_modules/@vitest/runner/dist/index.js:1205:15)\n    at runSuite (file:///Users/chrisskerritt/Dropbox/My%20Mac%20(chriss-MacBook-Pro.local)/Desktop/Econ%20Software/frontend/node_modules/@vitest/runner/dist/index.js:1205:15)\n    at runSuite (file:///Users/chrisskerritt/Dropbox/My%20Mac%20(chriss-MacBook-Pro.local)/Desktop/Econ%20Software/frontend/node_modules/@vitest/runner/dist/index.js:1205:15)\n    at runFiles (file:///Users/chrisskerritt/Dropbox/My%20Mac%20(chriss-MacBook-Pro.local)/Desktop/Econ%20Software/frontend/node_modules/@vitest/runner/dist/index.js:1262:5)"],"meta":{}},{"ancestorTitles":["Analysis Results - Error Handling and Downloads","Download Functionality"],"fullName":"Analysis Results - Error Handling and Downloads Download Functionality disables download buttons during download","status":"failed","title":"disables download buttons during download","duration":1002.3351659999998,"failureMessages":["Error: Unable to find an element by: [data-testid=\"download-excel\"]\n\nIgnored nodes: comments, script, style\n\u001b[36m<body>\u001b[39m\n  \u001b[36m<div />\u001b[39m\n\u001b[36m</body>\u001b[39m\n    at Proxy.waitForWrapper (/Users/chrisskerritt/Dropbox/My Mac (chriss-MacBook-Pro.local)/Desktop/Econ Software/frontend/node_modules/@testing-library/react/node_modules/@testing-library/dom/dist/wait-for.js:163:27)\n    at /Users/chrisskerritt/Dropbox/My Mac (chriss-MacBook-Pro.local)/Desktop/Econ Software/frontend/src/__tests__/AnalysisResults/errorHandling.test.tsx:161:13\n    at file:///Users/chrisskerritt/Dropbox/My%20Mac%20(chriss-MacBook-Pro.local)/Desktop/Econ%20Software/frontend/node_modules/@vitest/runner/dist/index.js:146:14\n    at file:///Users/chrisskerritt/Dropbox/My%20Mac%20(chriss-MacBook-Pro.local)/Desktop/Econ%20Software/frontend/node_modules/@vitest/runner/dist/index.js:533:11\n    at runWithTimeout (file:///Users/chrisskerritt/Dropbox/My%20Mac%20(chriss-MacBook-Pro.local)/Desktop/Econ%20Software/frontend/node_modules/@vitest/runner/dist/index.js:39:7)\n    at runTest (file:///Users/chrisskerritt/Dropbox/My%20Mac%20(chriss-MacBook-Pro.local)/Desktop/Econ%20Software/frontend/node_modules/@vitest/runner/dist/index.js:1056:17)\n    at runSuite (file:///Users/chrisskerritt/Dropbox/My%20Mac%20(chriss-MacBook-Pro.local)/Desktop/Econ%20Software/frontend/node_modules/@vitest/runner/dist/index.js:1205:15)\n    at runSuite (file:///Users/chrisskerritt/Dropbox/My%20Mac%20(chriss-MacBook-Pro.local)/Desktop/Econ%20Software/frontend/node_modules/@vitest/runner/dist/index.js:1205:15)\n    at runSuite (file:///Users/chrisskerritt/Dropbox/My%20Mac%20(chriss-MacBook-Pro.local)/Desktop/Econ%20Software/frontend/node_modules/@vitest/runner/dist/index.js:1205:15)\n    at runFiles (file:///Users/chrisskerritt/Dropbox/My%20Mac%20(chriss-MacBook-Pro.local)/Desktop/Econ%20Software/frontend/node_modules/@vitest/runner/dist/index.js:1262:5)"],"meta":{}},{"ancestorTitles":["Analysis Results - Error Handling and Downloads","Download Functionality"],"fullName":"Analysis Results - Error Handling and Downloads Download Functionality shows loading indicator during download","status":"failed","title":"shows loading indicator during download","duration":1005.917042,"failureMessages":["Error: Unable to find an element by: [data-testid=\"download-excel\"]\n\nIgnored nodes: comments, script, style\n\u001b[36m<body>\u001b[39m\n  \u001b[36m<div />\u001b[39m\n\u001b[36m</body>\u001b[39m\n    at Proxy.waitForWrapper (/Users/chrisskerritt/Dropbox/My Mac (chriss-MacBook-Pro.local)/Desktop/Econ Software/frontend/node_modules/@testing-library/react/node_modules/@testing-library/dom/dist/wait-for.js:163:27)\n    at /Users/chrisskerritt/Dropbox/My Mac (chriss-MacBook-Pro.local)/Desktop/Econ Software/frontend/src/__tests__/AnalysisResults/errorHandling.test.tsx:182:13\n    at file:///Users/chrisskerritt/Dropbox/My%20Mac%20(chriss-MacBook-Pro.local)/Desktop/Econ%20Software/frontend/node_modules/@vitest/runner/dist/index.js:146:14\n    at file:///Users/chrisskerritt/Dropbox/My%20Mac%20(chriss-MacBook-Pro.local)/Desktop/Econ%20Software/frontend/node_modules/@vitest/runner/dist/index.js:533:11\n    at runWithTimeout (file:///Users/chrisskerritt/Dropbox/My%20Mac%20(chriss-MacBook-Pro.local)/Desktop/Econ%20Software/frontend/node_modules/@vitest/runner/dist/index.js:39:7)\n    at runTest (file:///Users/chrisskerritt/Dropbox/My%20Mac%20(chriss-MacBook-Pro.local)/Desktop/Econ%20Software/frontend/node_modules/@vitest/runner/dist/index.js:1056:17)\n    at runSuite (file:///Users/chrisskerritt/Dropbox/My%20Mac%20(chriss-MacBook-Pro.local)/Desktop/Econ%20Software/frontend/node_modules/@vitest/runner/dist/index.js:1205:15)\n    at runSuite (file:///Users/chrisskerritt/Dropbox/My%20Mac%20(chriss-MacBook-Pro.local)/Desktop/Econ%20Software/frontend/node_modules/@vitest/runner/dist/index.js:1205:15)\n    at runSuite (file:///Users/chrisskerritt/Dropbox/My%20Mac%20(chriss-MacBook-Pro.local)/Desktop/Econ%20Software/frontend/node_modules/@vitest/runner/dist/index.js:1205:15)\n    at runFiles (file:///Users/chrisskerritt/Dropbox/My%20Mac%20(chriss-MacBook-Pro.local)/Desktop/Econ%20Software/frontend/node_modules/@vitest/runner/dist/index.js:1262:5)"],"meta":{}}],"startTime":1735225824527,"endTime":1735225831585.917,"status":"failed","message":"","name":"/Users/chrisskerritt/Dropbox/My Mac (chriss-MacBook-Pro.local)/Desktop/Econ Software/frontend/src/__tests__/AnalysisResults/errorHandling.test.tsx"}]}