<?xml version="1.0" encoding="UTF-8"?>
<coverage generated="1735162968209" clover="3.2.0">
  <project timestamp="1735162968209" name="All files">
    <metrics statements="7" coveredstatements="5" conditionals="7" coveredconditionals="3" methods="0" coveredmethods="0" elements="14" coveredelements="8" complexity="0" loc="7" ncloc="7" packages="1" files="1" classes="1"/>
    <file name="config.ts" path="/Users/chrisskerritt/Dropbox/My Mac (chriss-MacBook-Pro.local)/Desktop/Econ Software/frontend/src/config.ts">
      <metrics statements="7" coveredstatements="5" conditionals="7" coveredconditionals="3" methods="0" coveredmethods="0"/>
      <line num="5" count="1" type="stmt"/>
      <line num="8" count="1" type="cond" truecount="3" falsecount="1"/>
      <line num="10" count="1" type="stmt"/>
      <line num="11" count="0" type="cond" truecount="0" falsecount="3"/>
      <line num="13" count="0" type="stmt"/>
      <line num="16" count="1" type="stmt"/>
      <line num="20" count="1" type="stmt"/>
    </file>
  </project>
</coverage>
