{"/Users/chrisskerritt/Dropbox/My Mac (chriss-MacBook-Pro.local)/Desktop/Econ Software/frontend/src/config.ts": {"path":"/Users/chrisskerritt/Dropbox/My Mac (chriss-MacBook-Pro.local)/Desktop/Econ Software/frontend/src/config.ts","statementMap":{"0":{"start":{"line":5,"column":14},"end":{"line":5,"column":41}},"1":{"start":{"line":8,"column":0},"end":{"line":14,"column":1}},"2":{"start":{"line":10,"column":2},"end":{"line":10,"column":40}},"3":{"start":{"line":11,"column":7},"end":{"line":14,"column":1}},"4":{"start":{"line":13,"column":2},"end":{"line":13,"column":45}},"5":{"start":{"line":16,"column":30},"end":{"line":18,"column":2}},"6":{"start":{"line":20,"column":28},"end":{"line":20,"column":35}}},"fnMap":{},"branchMap":{"0":{"loc":{"start":{"line":8,"column":0},"end":{"line":14,"column":1}},"type":"if","locations":[{"start":{"line":8,"column":0},"end":{"line":14,"column":1}},{"start":{"line":11,"column":7},"end":{"line":14,"column":1}}]},"1":{"loc":{"start":{"line":8,"column":4},"end":{"line":8,"column":69}},"type":"binary-expr","locations":[{"start":{"line":8,"column":4},"end":{"line":8,"column":34}},{"start":{"line":8,"column":38},"end":{"line":8,"column":69}}]},"2":{"loc":{"start":{"line":11,"column":7},"end":{"line":14,"column":1}},"type":"if","locations":[{"start":{"line":11,"column":7},"end":{"line":14,"column":1}}]},"3":{"loc":{"start":{"line":11,"column":11},"end":{"line":11,"column":76}},"type":"binary-expr","locations":[{"start":{"line":11,"column":11},"end":{"line":11,"column":40}},{"start":{"line":11,"column":45},"end":{"line":11,"column":76}}]}},"s":{"0":1,"1":1,"2":1,"3":0,"4":0,"5":1,"6":1},"f":{},"b":{"0":[1,0],"1":[1,1],"2":[0],"3":[0,0]}}
}
